2016-06-28 11:19:40|Inició session|2|www.contenidos.devel/seguridad/seguridad/ingresar_sistema.html|Mozilla/5.0 (Windows NT 6.2; WOW64; rv:47.0) Gecko/20100101 Firefox/47.0|1
2016-06-28 13:02:44|Registró la pagina Fundador(id::22)|2|www.contenidos.devel/seguridad/pagina/nuevo/3.html|Mozilla/5.0 (Windows NT 6.2; WOW64; rv:47.0) Gecko/20100101 Firefox/47.0|1
2016-06-28 13:02:57|Agregó permisos al tipo de administrador Administrador(id::1) - Seccion web Fundador(id::22)|2|www.contenidos.devel/seguridad/permiso/nuevo.html|Mozilla/5.0 (Windows NT 6.2; WOW64; rv:47.0) Gecko/20100101 Firefox/47.0|1
2016-06-28 13:05:42|Editó la sede centro de reposo piura(id::1)|2|www.contenidos.devel/configuracion/sede/editar/1|Mozilla/5.0 (Windows NT 6.2; WOW64; rv:47.0) Gecko/20100101 Firefox/47.0|1
2016-06-28 14:46:22|Registró Directorio (id::4)|2|www.contenidos.devel/seccion/directorio/nuevo|Mozilla/5.0 (Windows NT 6.2; WOW64; rv:47.0) Gecko/20100101 Firefox/47.0|1
2016-06-28 14:47:51|Registró fundador San Juan de Dios (id::1)|2|www.contenidos.devel/seccion/fundador/nuevo|Mozilla/5.0 (Windows NT 6.2; WOW64; rv:47.0) Gecko/20100101 Firefox/47.0|1
2016-06-28 15:20:13|Registró fundador San Juan de Dios (id::2)|2|www.contenidos.devel/seccion/fundador/nuevo|Mozilla/5.0 (Windows NT 6.2; WOW64; rv:47.0) Gecko/20100101 Firefox/47.0|1
2016-06-28 15:20:35|Editó Fundador San Juan de Dios(id::2)|2|www.contenidos.devel/seccion/fundador/editar/2|Mozilla/5.0 (Windows NT 6.2; WOW64; rv:47.0) Gecko/20100101 Firefox/47.0|1
2016-06-28 15:21:17|Editó Fundador San Juan de Dios(id::1)|2|www.contenidos.devel/seccion/fundador/editar/1|Mozilla/5.0 (Windows NT 6.2; WOW64; rv:47.0) Gecko/20100101 Firefox/47.0|1
2016-06-28 15:21:38|Editó Fundador San Juan de Dios(id::1)|2|www.contenidos.devel/seccion/fundador/editar/1|Mozilla/5.0 (Windows NT 6.2; WOW64; rv:47.0) Gecko/20100101 Firefox/47.0|1
2016-06-28 16:36:49|Registró la pagina Ordenes(id::23)|2|www.contenidos.devel/seguridad/pagina/nuevo/3.html|Mozilla/5.0 (Windows NT 6.2; WOW64; rv:47.0) Gecko/20100101 Firefox/47.0|1
2016-06-28 16:37:10|Agregó permisos al tipo de administrador Administrador(id::1) - Seccion web Ordenes(id::23)|2|www.contenidos.devel/seguridad/permiso/nuevo.html|Mozilla/5.0 (Windows NT 6.2; WOW64; rv:47.0) Gecko/20100101 Firefox/47.0|1
2016-06-28 17:07:36|Registró ordén hospitalaria La Orden Hospitalaria San Juan de Dios (id::1)|2|www.contenidos.devel/seccion/ordenes/nuevo|Mozilla/5.0 (Windows NT 6.2; WOW64; rv:47.0) Gecko/20100101 Firefox/47.0|1
2016-06-28 17:14:55|Registró ordén hospitalaria Valores (id::2)|2|www.contenidos.devel/seccion/ordenes/nuevo|Mozilla/5.0 (Windows NT 6.2; WOW64; rv:47.0) Gecko/20100101 Firefox/47.0|1
2016-06-28 17:15:51|Registró ordén hospitalaria Principios (id::3)|2|www.contenidos.devel/seccion/ordenes/nuevo|Mozilla/5.0 (Windows NT 6.2; WOW64; rv:47.0) Gecko/20100101 Firefox/47.0|1
2016-06-28 17:18:01|Registró ordén hospitalaria Estructura (id::4)|2|www.contenidos.devel/seccion/ordenes/nuevo|Mozilla/5.0 (Windows NT 6.2; WOW64; rv:47.0) Gecko/20100101 Firefox/47.0|1
2016-06-28 17:19:40|Registró ordén hospitalaria Nuestra Provincia (id::5)|2|www.contenidos.devel/seccion/ordenes/nuevo|Mozilla/5.0 (Windows NT 6.2; WOW64; rv:47.0) Gecko/20100101 Firefox/47.0|1
2016-06-28 17:24:50|Editó ordén hospitalaria Nuestra Provincia(id::5)|2|www.contenidos.devel/seccion/ordenes/editar/5|Mozilla/5.0 (Windows NT 6.2; WOW64; rv:47.0) Gecko/20100101 Firefox/47.0|1
2016-06-28 17:25:07|Editó ordén hospitalaria Nuestra Provincia(id::5)|2|www.contenidos.devel/seccion/ordenes/editar/5|Mozilla/5.0 (Windows NT 6.2; WOW64; rv:47.0) Gecko/20100101 Firefox/47.0|1
2016-06-28 17:25:59|Editó ordén hospitalaria Nuestra Provincia(id::5)|2|www.contenidos.devel/seccion/ordenes/editar/5|Mozilla/5.0 (Windows NT 6.2; WOW64; rv:47.0) Gecko/20100101 Firefox/47.0|1
2016-06-28 17:26:10|Editó ordén hospitalaria Nuestra Provincia(id::5)|2|www.contenidos.devel/seccion/ordenes/editar/5|Mozilla/5.0 (Windows NT 6.2; WOW64; rv:47.0) Gecko/20100101 Firefox/47.0|1
2016-06-28 17:26:35|Editó ordén hospitalaria Nuestra Provincia(id::5)|2|www.contenidos.devel/seccion/ordenes/editar/5|Mozilla/5.0 (Windows NT 6.2; WOW64; rv:47.0) Gecko/20100101 Firefox/47.0|1
2016-06-28 17:27:02|Editó ordén hospitalaria Nuestra Provincia(id::5)|2|www.contenidos.devel/seccion/ordenes/editar/5|Mozilla/5.0 (Windows NT 6.2; WOW64; rv:47.0) Gecko/20100101 Firefox/47.0|1
2016-06-28 17:27:44|Editó ordén hospitalaria Nuestra Provincia(id::5)|2|www.contenidos.devel/seccion/ordenes/editar/5|Mozilla/5.0 (Windows NT 6.2; WOW64; rv:47.0) Gecko/20100101 Firefox/47.0|1
2016-06-28 17:27:54|Editó ordén hospitalaria Nuestra Provincia(id::5)|2|www.contenidos.devel/seccion/ordenes/editar/5|Mozilla/5.0 (Windows NT 6.2; WOW64; rv:47.0) Gecko/20100101 Firefox/47.0|1
2016-06-28 17:28:04|Editó ordén hospitalaria Nuestra Provincia(id::5)|2|www.contenidos.devel/seccion/ordenes/editar/5|Mozilla/5.0 (Windows NT 6.2; WOW64; rv:47.0) Gecko/20100101 Firefox/47.0|1
2016-06-28 17:50:14|Editó menu Orden Hospitalaria (id::Orden Hospitalaria)|2|www.contenidos.devel/configuracion/menu/editar/23|Mozilla/5.0 (Windows NT 6.2; WOW64; rv:47.0) Gecko/20100101 Firefox/47.0|1
