ERROR - 2016-10-02 20:39:08 --> Severity: Warning  --> rename(application/views/templates_c\wrt57f1b6bbec5b90_21164068,application/views/templates_c\c8d55475908cff0e2c144a9dc5ba6e66453b2da3_0.file.notfound_index.tpl.php): Acceso denegado. (code: 5) C:\xampp\htdocs\indicadores\application\third_party\smarty-3.1.27\sysplugins\smarty_internal_write_file.php 62
ERROR - 2016-10-02 21:53:28 --> Severity: Notice  --> Undefined index: txt_nov_imagen C:\xampp\htdocs\indicadores\application\controllers\archivos\upload.php 25
ERROR - 2016-10-02 22:26:36 --> Severity: Notice  --> Undefined index: stdNivel C:\xampp\htdocs\indicadores\application\views\templates_c\9474ac60b01955149aded1b1d8c5562a8685a3cf_0.file.upload_index.tpl.php 46
ERROR - 2016-10-02 22:26:36 --> Severity: Notice  --> Trying to get property of non-object C:\xampp\htdocs\indicadores\application\views\templates_c\9474ac60b01955149aded1b1d8c5562a8685a3cf_0.file.upload_index.tpl.php 46
ERROR - 2016-10-02 22:26:36 --> Severity: Notice  --> Trying to get property of non-object C:\xampp\htdocs\indicadores\application\views\templates_c\9474ac60b01955149aded1b1d8c5562a8685a3cf_0.file.upload_index.tpl.php 46
ERROR - 2016-10-02 22:26:36 --> Severity: Notice  --> Undefined index: objGrado C:\xampp\htdocs\indicadores\application\views\templates_c\9474ac60b01955149aded1b1d8c5562a8685a3cf_0.file.upload_index.tpl.php 66
ERROR - 2016-10-02 22:26:36 --> Severity: Notice  --> Trying to get property of non-object C:\xampp\htdocs\indicadores\application\views\templates_c\9474ac60b01955149aded1b1d8c5562a8685a3cf_0.file.upload_index.tpl.php 66
ERROR - 2016-10-02 22:29:19 --> Severity: Notice  --> Undefined index: objGrado C:\xampp\htdocs\indicadores\application\views\templates_c\9474ac60b01955149aded1b1d8c5562a8685a3cf_0.file.upload_index.tpl.php 64
ERROR - 2016-10-02 22:29:19 --> Severity: Notice  --> Trying to get property of non-object C:\xampp\htdocs\indicadores\application\views\templates_c\9474ac60b01955149aded1b1d8c5562a8685a3cf_0.file.upload_index.tpl.php 64
ERROR - 2016-10-02 22:36:07 --> Severity: Notice  --> Undefined property: stdClass::$gra_numero C:\xampp\htdocs\indicadores\application\views\templates_c\9474ac60b01955149aded1b1d8c5562a8685a3cf_0.file.upload_index.tpl.php 90
ERROR - 2016-10-02 22:36:07 --> Severity: Notice  --> Undefined property: stdClass::$gra_nombre C:\xampp\htdocs\indicadores\application\views\templates_c\9474ac60b01955149aded1b1d8c5562a8685a3cf_0.file.upload_index.tpl.php 92
ERROR - 2016-10-02 22:36:07 --> Severity: Notice  --> Undefined property: stdClass::$gra_id C:\xampp\htdocs\indicadores\application\views\templates_c\9474ac60b01955149aded1b1d8c5562a8685a3cf_0.file.upload_index.tpl.php 96
ERROR - 2016-10-02 22:36:07 --> Severity: Notice  --> Undefined property: stdClass::$gra_id C:\xampp\htdocs\indicadores\application\views\templates_c\9474ac60b01955149aded1b1d8c5562a8685a3cf_0.file.upload_index.tpl.php 102
ERROR - 2016-10-02 22:36:07 --> Severity: Notice  --> Undefined property: stdClass::$gra_id C:\xampp\htdocs\indicadores\application\views\templates_c\9474ac60b01955149aded1b1d8c5562a8685a3cf_0.file.upload_index.tpl.php 104
ERROR - 2016-10-02 22:36:07 --> Severity: Notice  --> Undefined property: stdClass::$gra_id C:\xampp\htdocs\indicadores\application\views\templates_c\9474ac60b01955149aded1b1d8c5562a8685a3cf_0.file.upload_index.tpl.php 107
ERROR - 2016-10-02 22:36:07 --> Severity: Notice  --> Undefined property: stdClass::$gra_id C:\xampp\htdocs\indicadores\application\views\templates_c\9474ac60b01955149aded1b1d8c5562a8685a3cf_0.file.upload_index.tpl.php 114
ERROR - 2016-10-02 22:36:07 --> Severity: Notice  --> Undefined property: stdClass::$gra_nombre C:\xampp\htdocs\indicadores\application\views\templates_c\9474ac60b01955149aded1b1d8c5562a8685a3cf_0.file.upload_index.tpl.php 115
ERROR - 2016-10-02 22:36:33 --> Severity: Notice  --> Undefined property: stdClass::$gra_id C:\xampp\htdocs\indicadores\application\views\templates_c\9474ac60b01955149aded1b1d8c5562a8685a3cf_0.file.upload_index.tpl.php 96
ERROR - 2016-10-02 22:36:33 --> Severity: Notice  --> Undefined property: stdClass::$gra_id C:\xampp\htdocs\indicadores\application\views\templates_c\9474ac60b01955149aded1b1d8c5562a8685a3cf_0.file.upload_index.tpl.php 102
ERROR - 2016-10-02 22:36:33 --> Severity: Notice  --> Undefined property: stdClass::$gra_id C:\xampp\htdocs\indicadores\application\views\templates_c\9474ac60b01955149aded1b1d8c5562a8685a3cf_0.file.upload_index.tpl.php 104
ERROR - 2016-10-02 22:36:33 --> Severity: Notice  --> Undefined property: stdClass::$gra_id C:\xampp\htdocs\indicadores\application\views\templates_c\9474ac60b01955149aded1b1d8c5562a8685a3cf_0.file.upload_index.tpl.php 107
ERROR - 2016-10-02 22:36:33 --> Severity: Notice  --> Undefined property: stdClass::$gra_id C:\xampp\htdocs\indicadores\application\views\templates_c\9474ac60b01955149aded1b1d8c5562a8685a3cf_0.file.upload_index.tpl.php 114
ERROR - 2016-10-02 22:36:33 --> Severity: Notice  --> Undefined property: stdClass::$gra_nombre C:\xampp\htdocs\indicadores\application\views\templates_c\9474ac60b01955149aded1b1d8c5562a8685a3cf_0.file.upload_index.tpl.php 115
ERROR - 2016-10-02 22:37:28 --> Severity: Notice  --> Undefined property: stdClass::$gra_id C:\xampp\htdocs\indicadores\application\views\templates_c\9474ac60b01955149aded1b1d8c5562a8685a3cf_0.file.upload_index.tpl.php 97
ERROR - 2016-10-02 22:37:28 --> Severity: Notice  --> Undefined property: stdClass::$gra_id C:\xampp\htdocs\indicadores\application\views\templates_c\9474ac60b01955149aded1b1d8c5562a8685a3cf_0.file.upload_index.tpl.php 99
ERROR - 2016-10-02 22:37:28 --> Severity: Notice  --> Undefined property: stdClass::$gra_id C:\xampp\htdocs\indicadores\application\views\templates_c\9474ac60b01955149aded1b1d8c5562a8685a3cf_0.file.upload_index.tpl.php 102
ERROR - 2016-10-02 22:37:28 --> Severity: Notice  --> Undefined property: stdClass::$gra_id C:\xampp\htdocs\indicadores\application\views\templates_c\9474ac60b01955149aded1b1d8c5562a8685a3cf_0.file.upload_index.tpl.php 109
ERROR - 2016-10-02 22:37:28 --> Severity: Notice  --> Undefined property: stdClass::$gra_nombre C:\xampp\htdocs\indicadores\application\views\templates_c\9474ac60b01955149aded1b1d8c5562a8685a3cf_0.file.upload_index.tpl.php 110
ERROR - 2016-10-02 22:37:51 --> Severity: Notice  --> Undefined property: stdClass::$gra_id C:\xampp\htdocs\indicadores\application\views\templates_c\9474ac60b01955149aded1b1d8c5562a8685a3cf_0.file.upload_index.tpl.php 109
ERROR - 2016-10-02 22:37:51 --> Severity: Notice  --> Undefined property: stdClass::$gra_nombre C:\xampp\htdocs\indicadores\application\views\templates_c\9474ac60b01955149aded1b1d8c5562a8685a3cf_0.file.upload_index.tpl.php 110
ERROR - 2016-10-02 22:48:27 --> Unable to load the requested class: phpexcel
ERROR - 2016-10-02 22:50:59 --> Severity: Notice  --> Undefined variable: options C:\xampp\htdocs\indicadores\application\libraries\PHPExcel\Classes\PHPExcel\Settings.php 384
ERROR - 2016-10-02 22:50:59 --> Severity: Notice  --> Undefined variable: options C:\xampp\htdocs\indicadores\application\libraries\PHPExcel\Classes\PHPExcel\Settings.php 384
ERROR - 2016-10-02 22:50:59 --> Severity: Notice  --> Undefined variable: options C:\xampp\htdocs\indicadores\application\libraries\PHPExcel\Classes\PHPExcel\Settings.php 384
ERROR - 2016-10-02 22:50:59 --> Severity: Notice  --> Undefined variable: options C:\xampp\htdocs\indicadores\application\libraries\PHPExcel\Classes\PHPExcel\Settings.php 384
ERROR - 2016-10-02 22:50:59 --> Severity: Notice  --> Undefined variable: options C:\xampp\htdocs\indicadores\application\libraries\PHPExcel\Classes\PHPExcel\Settings.php 384
ERROR - 2016-10-02 22:50:59 --> Severity: Notice  --> Undefined variable: options C:\xampp\htdocs\indicadores\application\libraries\PHPExcel\Classes\PHPExcel\Settings.php 384
ERROR - 2016-10-02 22:50:59 --> Severity: Notice  --> Undefined variable: options C:\xampp\htdocs\indicadores\application\libraries\PHPExcel\Classes\PHPExcel\Settings.php 384
ERROR - 2016-10-02 22:50:59 --> Severity: Notice  --> Undefined variable: options C:\xampp\htdocs\indicadores\application\libraries\PHPExcel\Classes\PHPExcel\Settings.php 384
ERROR - 2016-10-02 22:51:00 --> Severity: Notice  --> Undefined variable: options C:\xampp\htdocs\indicadores\application\libraries\PHPExcel\Classes\PHPExcel\Settings.php 384
ERROR - 2016-10-02 22:51:01 --> Severity: Notice  --> Undefined variable: options C:\xampp\htdocs\indicadores\application\libraries\PHPExcel\Classes\PHPExcel\Settings.php 384
ERROR - 2016-10-02 22:51:01 --> Severity: Notice  --> Undefined variable: options C:\xampp\htdocs\indicadores\application\libraries\PHPExcel\Classes\PHPExcel\Settings.php 384
ERROR - 2016-10-02 22:51:03 --> Severity: Notice  --> Undefined variable: options C:\xampp\htdocs\indicadores\application\libraries\PHPExcel\Classes\PHPExcel\Settings.php 384
ERROR - 2016-10-02 22:51:03 --> Severity: Notice  --> Undefined variable: options C:\xampp\htdocs\indicadores\application\libraries\PHPExcel\Classes\PHPExcel\Settings.php 384
ERROR - 2016-10-02 22:51:03 --> Severity: Notice  --> Undefined variable: options C:\xampp\htdocs\indicadores\application\libraries\PHPExcel\Classes\PHPExcel\Settings.php 384
ERROR - 2016-10-02 22:51:03 --> Severity: Notice  --> Undefined variable: options C:\xampp\htdocs\indicadores\application\libraries\PHPExcel\Classes\PHPExcel\Settings.php 384
ERROR - 2016-10-02 22:51:03 --> Severity: Notice  --> Undefined variable: options C:\xampp\htdocs\indicadores\application\libraries\PHPExcel\Classes\PHPExcel\Settings.php 384
ERROR - 2016-10-02 22:51:04 --> Severity: Notice  --> Undefined variable: options C:\xampp\htdocs\indicadores\application\libraries\PHPExcel\Classes\PHPExcel\Settings.php 384
ERROR - 2016-10-02 22:51:04 --> Severity: Notice  --> Undefined variable: options C:\xampp\htdocs\indicadores\application\libraries\PHPExcel\Classes\PHPExcel\Settings.php 384
ERROR - 2016-10-02 22:51:04 --> Severity: Notice  --> Undefined variable: options C:\xampp\htdocs\indicadores\application\libraries\PHPExcel\Classes\PHPExcel\Settings.php 384
ERROR - 2016-10-02 22:51:04 --> Severity: Notice  --> Undefined variable: options C:\xampp\htdocs\indicadores\application\libraries\PHPExcel\Classes\PHPExcel\Settings.php 384
ERROR - 2016-10-02 22:55:11 --> Severity: Notice  --> Undefined variable: options C:\xampp\htdocs\indicadores\application\libraries\PHPExcel\Classes\PHPExcel\Settings.php 384
ERROR - 2016-10-02 22:55:11 --> Severity: Notice  --> Undefined variable: options C:\xampp\htdocs\indicadores\application\libraries\PHPExcel\Classes\PHPExcel\Settings.php 384
ERROR - 2016-10-02 22:55:11 --> Severity: Notice  --> Undefined variable: options C:\xampp\htdocs\indicadores\application\libraries\PHPExcel\Classes\PHPExcel\Settings.php 384
ERROR - 2016-10-02 22:55:11 --> Severity: Notice  --> Undefined variable: options C:\xampp\htdocs\indicadores\application\libraries\PHPExcel\Classes\PHPExcel\Settings.php 384
ERROR - 2016-10-02 22:55:11 --> Severity: Notice  --> Undefined variable: options C:\xampp\htdocs\indicadores\application\libraries\PHPExcel\Classes\PHPExcel\Settings.php 384
ERROR - 2016-10-02 22:55:11 --> Severity: Notice  --> Undefined variable: options C:\xampp\htdocs\indicadores\application\libraries\PHPExcel\Classes\PHPExcel\Settings.php 384
ERROR - 2016-10-02 22:55:11 --> Severity: Notice  --> Undefined variable: options C:\xampp\htdocs\indicadores\application\libraries\PHPExcel\Classes\PHPExcel\Settings.php 384
ERROR - 2016-10-02 22:55:11 --> Severity: Notice  --> Undefined variable: options C:\xampp\htdocs\indicadores\application\libraries\PHPExcel\Classes\PHPExcel\Settings.php 384
ERROR - 2016-10-02 22:55:12 --> Severity: Notice  --> Undefined variable: options C:\xampp\htdocs\indicadores\application\libraries\PHPExcel\Classes\PHPExcel\Settings.php 384
ERROR - 2016-10-02 22:55:12 --> Severity: Notice  --> Undefined variable: options C:\xampp\htdocs\indicadores\application\libraries\PHPExcel\Classes\PHPExcel\Settings.php 384
ERROR - 2016-10-02 22:55:12 --> Severity: Notice  --> Undefined variable: options C:\xampp\htdocs\indicadores\application\libraries\PHPExcel\Classes\PHPExcel\Settings.php 384
ERROR - 2016-10-02 22:55:15 --> Severity: Notice  --> Undefined variable: options C:\xampp\htdocs\indicadores\application\libraries\PHPExcel\Classes\PHPExcel\Settings.php 384
ERROR - 2016-10-02 22:55:15 --> Severity: Notice  --> Undefined variable: options C:\xampp\htdocs\indicadores\application\libraries\PHPExcel\Classes\PHPExcel\Settings.php 384
ERROR - 2016-10-02 22:55:15 --> Severity: Notice  --> Undefined variable: options C:\xampp\htdocs\indicadores\application\libraries\PHPExcel\Classes\PHPExcel\Settings.php 384
ERROR - 2016-10-02 22:55:15 --> Severity: Notice  --> Undefined variable: options C:\xampp\htdocs\indicadores\application\libraries\PHPExcel\Classes\PHPExcel\Settings.php 384
ERROR - 2016-10-02 22:55:15 --> Severity: Notice  --> Undefined variable: options C:\xampp\htdocs\indicadores\application\libraries\PHPExcel\Classes\PHPExcel\Settings.php 384
ERROR - 2016-10-02 22:55:16 --> Severity: Notice  --> Undefined variable: options C:\xampp\htdocs\indicadores\application\libraries\PHPExcel\Classes\PHPExcel\Settings.php 384
ERROR - 2016-10-02 22:55:16 --> Severity: Notice  --> Undefined variable: options C:\xampp\htdocs\indicadores\application\libraries\PHPExcel\Classes\PHPExcel\Settings.php 384
ERROR - 2016-10-02 22:55:16 --> Severity: Notice  --> Undefined variable: options C:\xampp\htdocs\indicadores\application\libraries\PHPExcel\Classes\PHPExcel\Settings.php 384
ERROR - 2016-10-02 22:55:16 --> Severity: Notice  --> Undefined variable: options C:\xampp\htdocs\indicadores\application\libraries\PHPExcel\Classes\PHPExcel\Settings.php 384
ERROR - 2016-10-02 23:05:10 --> Severity: Notice  --> Undefined variable: options C:\xampp\htdocs\indicadores\application\libraries\PHPExcel\Classes\PHPExcel\Settings.php 384
ERROR - 2016-10-02 23:05:10 --> Severity: Notice  --> Undefined variable: options C:\xampp\htdocs\indicadores\application\libraries\PHPExcel\Classes\PHPExcel\Settings.php 384
ERROR - 2016-10-02 23:05:10 --> Severity: Notice  --> Undefined variable: options C:\xampp\htdocs\indicadores\application\libraries\PHPExcel\Classes\PHPExcel\Settings.php 384
ERROR - 2016-10-02 23:05:10 --> Severity: Notice  --> Undefined variable: options C:\xampp\htdocs\indicadores\application\libraries\PHPExcel\Classes\PHPExcel\Settings.php 384
ERROR - 2016-10-02 23:05:10 --> Severity: Notice  --> Undefined variable: options C:\xampp\htdocs\indicadores\application\libraries\PHPExcel\Classes\PHPExcel\Settings.php 384
ERROR - 2016-10-02 23:05:10 --> Severity: Notice  --> Undefined variable: options C:\xampp\htdocs\indicadores\application\libraries\PHPExcel\Classes\PHPExcel\Settings.php 384
ERROR - 2016-10-02 23:05:10 --> Severity: Notice  --> Undefined variable: options C:\xampp\htdocs\indicadores\application\libraries\PHPExcel\Classes\PHPExcel\Settings.php 384
ERROR - 2016-10-02 23:05:10 --> Severity: Notice  --> Undefined variable: options C:\xampp\htdocs\indicadores\application\libraries\PHPExcel\Classes\PHPExcel\Settings.php 384
ERROR - 2016-10-02 23:05:11 --> Severity: Notice  --> Undefined variable: options C:\xampp\htdocs\indicadores\application\libraries\PHPExcel\Classes\PHPExcel\Settings.php 384
ERROR - 2016-10-02 23:05:11 --> Severity: Notice  --> Undefined variable: options C:\xampp\htdocs\indicadores\application\libraries\PHPExcel\Classes\PHPExcel\Settings.php 384
ERROR - 2016-10-02 23:05:11 --> Severity: Notice  --> Undefined variable: options C:\xampp\htdocs\indicadores\application\libraries\PHPExcel\Classes\PHPExcel\Settings.php 384
ERROR - 2016-10-02 23:05:15 --> Severity: Notice  --> Undefined variable: options C:\xampp\htdocs\indicadores\application\libraries\PHPExcel\Classes\PHPExcel\Settings.php 384
ERROR - 2016-10-02 23:05:15 --> Severity: Notice  --> Undefined variable: options C:\xampp\htdocs\indicadores\application\libraries\PHPExcel\Classes\PHPExcel\Settings.php 384
ERROR - 2016-10-02 23:05:15 --> Severity: Notice  --> Undefined variable: options C:\xampp\htdocs\indicadores\application\libraries\PHPExcel\Classes\PHPExcel\Settings.php 384
ERROR - 2016-10-02 23:05:15 --> Severity: Notice  --> Undefined variable: options C:\xampp\htdocs\indicadores\application\libraries\PHPExcel\Classes\PHPExcel\Settings.php 384
ERROR - 2016-10-02 23:05:16 --> Severity: Notice  --> Undefined variable: options C:\xampp\htdocs\indicadores\application\libraries\PHPExcel\Classes\PHPExcel\Settings.php 384
ERROR - 2016-10-02 23:05:16 --> Severity: Notice  --> Undefined variable: options C:\xampp\htdocs\indicadores\application\libraries\PHPExcel\Classes\PHPExcel\Settings.php 384
ERROR - 2016-10-02 23:05:16 --> Severity: Notice  --> Undefined variable: options C:\xampp\htdocs\indicadores\application\libraries\PHPExcel\Classes\PHPExcel\Settings.php 384
ERROR - 2016-10-02 23:05:16 --> Severity: Notice  --> Undefined variable: options C:\xampp\htdocs\indicadores\application\libraries\PHPExcel\Classes\PHPExcel\Settings.php 384
ERROR - 2016-10-02 23:05:16 --> Severity: Notice  --> Undefined variable: options C:\xampp\htdocs\indicadores\application\libraries\PHPExcel\Classes\PHPExcel\Settings.php 384
ERROR - 2016-10-02 23:06:01 --> Severity: Notice  --> Undefined variable: options C:\xampp\htdocs\indicadores\application\libraries\PHPExcel\Classes\PHPExcel\Settings.php 384
ERROR - 2016-10-02 23:06:01 --> Severity: Notice  --> Undefined variable: options C:\xampp\htdocs\indicadores\application\libraries\PHPExcel\Classes\PHPExcel\Settings.php 384
ERROR - 2016-10-02 23:06:01 --> Severity: Notice  --> Undefined variable: options C:\xampp\htdocs\indicadores\application\libraries\PHPExcel\Classes\PHPExcel\Settings.php 384
ERROR - 2016-10-02 23:06:01 --> Severity: Notice  --> Undefined variable: options C:\xampp\htdocs\indicadores\application\libraries\PHPExcel\Classes\PHPExcel\Settings.php 384
ERROR - 2016-10-02 23:06:01 --> Severity: Notice  --> Undefined variable: options C:\xampp\htdocs\indicadores\application\libraries\PHPExcel\Classes\PHPExcel\Settings.php 384
ERROR - 2016-10-02 23:06:01 --> Severity: Notice  --> Undefined variable: options C:\xampp\htdocs\indicadores\application\libraries\PHPExcel\Classes\PHPExcel\Settings.php 384
ERROR - 2016-10-02 23:06:01 --> Severity: Notice  --> Undefined variable: options C:\xampp\htdocs\indicadores\application\libraries\PHPExcel\Classes\PHPExcel\Settings.php 384
ERROR - 2016-10-02 23:06:01 --> Severity: Notice  --> Undefined variable: options C:\xampp\htdocs\indicadores\application\libraries\PHPExcel\Classes\PHPExcel\Settings.php 384
ERROR - 2016-10-02 23:06:02 --> Severity: Notice  --> Undefined variable: options C:\xampp\htdocs\indicadores\application\libraries\PHPExcel\Classes\PHPExcel\Settings.php 384
ERROR - 2016-10-02 23:06:02 --> Severity: Notice  --> Undefined variable: options C:\xampp\htdocs\indicadores\application\libraries\PHPExcel\Classes\PHPExcel\Settings.php 384
ERROR - 2016-10-02 23:06:02 --> Severity: Notice  --> Undefined variable: options C:\xampp\htdocs\indicadores\application\libraries\PHPExcel\Classes\PHPExcel\Settings.php 384
ERROR - 2016-10-02 23:06:05 --> Severity: Notice  --> Undefined variable: options C:\xampp\htdocs\indicadores\application\libraries\PHPExcel\Classes\PHPExcel\Settings.php 384
ERROR - 2016-10-02 23:06:05 --> Severity: Notice  --> Undefined variable: options C:\xampp\htdocs\indicadores\application\libraries\PHPExcel\Classes\PHPExcel\Settings.php 384
ERROR - 2016-10-02 23:06:05 --> Severity: Notice  --> Undefined variable: options C:\xampp\htdocs\indicadores\application\libraries\PHPExcel\Classes\PHPExcel\Settings.php 384
ERROR - 2016-10-02 23:06:05 --> Severity: Notice  --> Undefined variable: options C:\xampp\htdocs\indicadores\application\libraries\PHPExcel\Classes\PHPExcel\Settings.php 384
ERROR - 2016-10-02 23:06:05 --> Severity: Notice  --> Undefined variable: options C:\xampp\htdocs\indicadores\application\libraries\PHPExcel\Classes\PHPExcel\Settings.php 384
ERROR - 2016-10-02 23:06:05 --> Severity: Notice  --> Undefined variable: options C:\xampp\htdocs\indicadores\application\libraries\PHPExcel\Classes\PHPExcel\Settings.php 384
ERROR - 2016-10-02 23:06:05 --> Severity: Notice  --> Undefined variable: options C:\xampp\htdocs\indicadores\application\libraries\PHPExcel\Classes\PHPExcel\Settings.php 384
ERROR - 2016-10-02 23:06:05 --> Severity: Notice  --> Undefined variable: options C:\xampp\htdocs\indicadores\application\libraries\PHPExcel\Classes\PHPExcel\Settings.php 384
ERROR - 2016-10-02 23:06:05 --> Severity: Notice  --> Undefined variable: options C:\xampp\htdocs\indicadores\application\libraries\PHPExcel\Classes\PHPExcel\Settings.php 384
ERROR - 2016-10-02 23:09:04 --> Severity: Notice  --> Undefined variable: options C:\xampp\htdocs\indicadores\application\libraries\PHPExcel\Classes\PHPExcel\Settings.php 384
ERROR - 2016-10-02 23:09:04 --> Severity: Notice  --> Undefined variable: options C:\xampp\htdocs\indicadores\application\libraries\PHPExcel\Classes\PHPExcel\Settings.php 384
ERROR - 2016-10-02 23:09:04 --> Severity: Notice  --> Undefined variable: options C:\xampp\htdocs\indicadores\application\libraries\PHPExcel\Classes\PHPExcel\Settings.php 384
ERROR - 2016-10-02 23:09:04 --> Severity: Notice  --> Undefined variable: options C:\xampp\htdocs\indicadores\application\libraries\PHPExcel\Classes\PHPExcel\Settings.php 384
ERROR - 2016-10-02 23:09:04 --> Severity: Notice  --> Undefined variable: options C:\xampp\htdocs\indicadores\application\libraries\PHPExcel\Classes\PHPExcel\Settings.php 384
ERROR - 2016-10-02 23:09:04 --> Severity: Notice  --> Undefined variable: options C:\xampp\htdocs\indicadores\application\libraries\PHPExcel\Classes\PHPExcel\Settings.php 384
ERROR - 2016-10-02 23:09:04 --> Severity: Notice  --> Undefined variable: options C:\xampp\htdocs\indicadores\application\libraries\PHPExcel\Classes\PHPExcel\Settings.php 384
ERROR - 2016-10-02 23:09:04 --> Severity: Notice  --> Undefined variable: options C:\xampp\htdocs\indicadores\application\libraries\PHPExcel\Classes\PHPExcel\Settings.php 384
ERROR - 2016-10-02 23:09:05 --> Severity: Notice  --> Undefined variable: options C:\xampp\htdocs\indicadores\application\libraries\PHPExcel\Classes\PHPExcel\Settings.php 384
ERROR - 2016-10-02 23:09:05 --> Severity: Notice  --> Undefined variable: options C:\xampp\htdocs\indicadores\application\libraries\PHPExcel\Classes\PHPExcel\Settings.php 384
ERROR - 2016-10-02 23:09:05 --> Severity: Notice  --> Undefined variable: options C:\xampp\htdocs\indicadores\application\libraries\PHPExcel\Classes\PHPExcel\Settings.php 384
ERROR - 2016-10-02 23:09:09 --> Severity: Notice  --> Undefined variable: options C:\xampp\htdocs\indicadores\application\libraries\PHPExcel\Classes\PHPExcel\Settings.php 384
ERROR - 2016-10-02 23:09:09 --> Severity: Notice  --> Undefined variable: options C:\xampp\htdocs\indicadores\application\libraries\PHPExcel\Classes\PHPExcel\Settings.php 384
ERROR - 2016-10-02 23:09:09 --> Severity: Notice  --> Undefined variable: options C:\xampp\htdocs\indicadores\application\libraries\PHPExcel\Classes\PHPExcel\Settings.php 384
ERROR - 2016-10-02 23:09:09 --> Severity: Notice  --> Undefined variable: options C:\xampp\htdocs\indicadores\application\libraries\PHPExcel\Classes\PHPExcel\Settings.php 384
ERROR - 2016-10-02 23:09:09 --> Severity: Notice  --> Undefined variable: options C:\xampp\htdocs\indicadores\application\libraries\PHPExcel\Classes\PHPExcel\Settings.php 384
ERROR - 2016-10-02 23:09:09 --> Severity: Notice  --> Undefined variable: options C:\xampp\htdocs\indicadores\application\libraries\PHPExcel\Classes\PHPExcel\Settings.php 384
ERROR - 2016-10-02 23:09:09 --> Severity: Notice  --> Undefined variable: options C:\xampp\htdocs\indicadores\application\libraries\PHPExcel\Classes\PHPExcel\Settings.php 384
ERROR - 2016-10-02 23:09:09 --> Severity: Notice  --> Undefined variable: options C:\xampp\htdocs\indicadores\application\libraries\PHPExcel\Classes\PHPExcel\Settings.php 384
ERROR - 2016-10-02 23:09:09 --> Severity: Notice  --> Undefined variable: options C:\xampp\htdocs\indicadores\application\libraries\PHPExcel\Classes\PHPExcel\Settings.php 384
ERROR - 2016-10-02 23:14:38 --> Severity: Notice  --> Undefined variable: options C:\xampp\htdocs\indicadores\application\libraries\PHPExcel\Classes\PHPExcel\Settings.php 384
ERROR - 2016-10-02 23:14:38 --> Severity: Notice  --> Undefined variable: options C:\xampp\htdocs\indicadores\application\libraries\PHPExcel\Classes\PHPExcel\Settings.php 384
ERROR - 2016-10-02 23:14:38 --> Severity: Notice  --> Undefined variable: options C:\xampp\htdocs\indicadores\application\libraries\PHPExcel\Classes\PHPExcel\Settings.php 384
ERROR - 2016-10-02 23:14:38 --> Severity: Notice  --> Undefined variable: options C:\xampp\htdocs\indicadores\application\libraries\PHPExcel\Classes\PHPExcel\Settings.php 384
ERROR - 2016-10-02 23:14:38 --> Severity: Notice  --> Undefined variable: options C:\xampp\htdocs\indicadores\application\libraries\PHPExcel\Classes\PHPExcel\Settings.php 384
ERROR - 2016-10-02 23:14:38 --> Severity: Notice  --> Undefined variable: options C:\xampp\htdocs\indicadores\application\libraries\PHPExcel\Classes\PHPExcel\Settings.php 384
ERROR - 2016-10-02 23:14:38 --> Severity: Notice  --> Undefined variable: options C:\xampp\htdocs\indicadores\application\libraries\PHPExcel\Classes\PHPExcel\Settings.php 384
ERROR - 2016-10-02 23:14:38 --> Severity: Notice  --> Undefined variable: options C:\xampp\htdocs\indicadores\application\libraries\PHPExcel\Classes\PHPExcel\Settings.php 384
ERROR - 2016-10-02 23:14:39 --> Severity: Notice  --> Undefined variable: options C:\xampp\htdocs\indicadores\application\libraries\PHPExcel\Classes\PHPExcel\Settings.php 384
ERROR - 2016-10-02 23:14:39 --> Severity: Notice  --> Undefined variable: options C:\xampp\htdocs\indicadores\application\libraries\PHPExcel\Classes\PHPExcel\Settings.php 384
ERROR - 2016-10-02 23:14:39 --> Severity: Notice  --> Undefined variable: options C:\xampp\htdocs\indicadores\application\libraries\PHPExcel\Classes\PHPExcel\Settings.php 384
ERROR - 2016-10-02 23:14:42 --> Severity: Notice  --> Undefined variable: options C:\xampp\htdocs\indicadores\application\libraries\PHPExcel\Classes\PHPExcel\Settings.php 384
ERROR - 2016-10-02 23:14:42 --> Severity: Notice  --> Undefined variable: options C:\xampp\htdocs\indicadores\application\libraries\PHPExcel\Classes\PHPExcel\Settings.php 384
ERROR - 2016-10-02 23:14:42 --> Severity: Notice  --> Undefined variable: options C:\xampp\htdocs\indicadores\application\libraries\PHPExcel\Classes\PHPExcel\Settings.php 384
ERROR - 2016-10-02 23:14:42 --> Severity: Notice  --> Undefined variable: options C:\xampp\htdocs\indicadores\application\libraries\PHPExcel\Classes\PHPExcel\Settings.php 384
ERROR - 2016-10-02 23:14:42 --> Severity: Notice  --> Undefined variable: options C:\xampp\htdocs\indicadores\application\libraries\PHPExcel\Classes\PHPExcel\Settings.php 384
ERROR - 2016-10-02 23:14:43 --> Severity: Notice  --> Undefined variable: options C:\xampp\htdocs\indicadores\application\libraries\PHPExcel\Classes\PHPExcel\Settings.php 384
ERROR - 2016-10-02 23:14:43 --> Severity: Notice  --> Undefined variable: options C:\xampp\htdocs\indicadores\application\libraries\PHPExcel\Classes\PHPExcel\Settings.php 384
ERROR - 2016-10-02 23:14:43 --> Severity: Notice  --> Undefined variable: options C:\xampp\htdocs\indicadores\application\libraries\PHPExcel\Classes\PHPExcel\Settings.php 384
ERROR - 2016-10-02 23:14:43 --> Severity: Notice  --> Undefined variable: options C:\xampp\htdocs\indicadores\application\libraries\PHPExcel\Classes\PHPExcel\Settings.php 384
ERROR - 2016-10-02 23:21:06 --> Severity: Warning  --> mysqli_connect():  C:\xampp\htdocs\indicadores\system\database\drivers\mysqli\mysqli_driver.php 77
ERROR - 2016-10-02 23:21:07 --> Unable to connect to the database
ERROR - 2016-10-02 23:21:10 --> Severity: Warning  --> mysqli_connect():  C:\xampp\htdocs\indicadores\system\database\drivers\mysqli\mysqli_driver.php 77
ERROR - 2016-10-02 23:21:10 --> Unable to connect to the database
ERROR - 2016-10-02 23:21:24 --> Severity: Notice  --> Undefined variable: options C:\xampp\htdocs\indicadores\application\libraries\PHPExcel\Classes\PHPExcel\Settings.php 384
ERROR - 2016-10-02 23:21:24 --> Severity: Notice  --> Undefined variable: options C:\xampp\htdocs\indicadores\application\libraries\PHPExcel\Classes\PHPExcel\Settings.php 384
ERROR - 2016-10-02 23:21:24 --> Severity: Notice  --> Undefined variable: options C:\xampp\htdocs\indicadores\application\libraries\PHPExcel\Classes\PHPExcel\Settings.php 384
ERROR - 2016-10-02 23:21:24 --> Severity: Notice  --> Undefined variable: options C:\xampp\htdocs\indicadores\application\libraries\PHPExcel\Classes\PHPExcel\Settings.php 384
ERROR - 2016-10-02 23:21:24 --> Severity: Notice  --> Undefined variable: options C:\xampp\htdocs\indicadores\application\libraries\PHPExcel\Classes\PHPExcel\Settings.php 384
ERROR - 2016-10-02 23:21:24 --> Severity: Notice  --> Undefined variable: options C:\xampp\htdocs\indicadores\application\libraries\PHPExcel\Classes\PHPExcel\Settings.php 384
ERROR - 2016-10-02 23:21:24 --> Severity: Notice  --> Undefined variable: options C:\xampp\htdocs\indicadores\application\libraries\PHPExcel\Classes\PHPExcel\Settings.php 384
ERROR - 2016-10-02 23:21:24 --> Severity: Notice  --> Undefined variable: options C:\xampp\htdocs\indicadores\application\libraries\PHPExcel\Classes\PHPExcel\Settings.php 384
ERROR - 2016-10-02 23:21:26 --> Severity: Notice  --> Undefined variable: options C:\xampp\htdocs\indicadores\application\libraries\PHPExcel\Classes\PHPExcel\Settings.php 384
ERROR - 2016-10-02 23:21:26 --> Severity: Notice  --> Undefined variable: options C:\xampp\htdocs\indicadores\application\libraries\PHPExcel\Classes\PHPExcel\Settings.php 384
ERROR - 2016-10-02 23:21:26 --> Severity: Notice  --> Undefined variable: options C:\xampp\htdocs\indicadores\application\libraries\PHPExcel\Classes\PHPExcel\Settings.php 384
ERROR - 2016-10-02 23:21:29 --> Severity: Notice  --> Undefined variable: options C:\xampp\htdocs\indicadores\application\libraries\PHPExcel\Classes\PHPExcel\Settings.php 384
ERROR - 2016-10-02 23:21:29 --> Severity: Notice  --> Undefined variable: options C:\xampp\htdocs\indicadores\application\libraries\PHPExcel\Classes\PHPExcel\Settings.php 384
ERROR - 2016-10-02 23:21:29 --> Severity: Notice  --> Undefined variable: options C:\xampp\htdocs\indicadores\application\libraries\PHPExcel\Classes\PHPExcel\Settings.php 384
ERROR - 2016-10-02 23:21:29 --> Severity: Notice  --> Undefined variable: options C:\xampp\htdocs\indicadores\application\libraries\PHPExcel\Classes\PHPExcel\Settings.php 384
ERROR - 2016-10-02 23:21:29 --> Severity: Notice  --> Undefined variable: options C:\xampp\htdocs\indicadores\application\libraries\PHPExcel\Classes\PHPExcel\Settings.php 384
ERROR - 2016-10-02 23:21:30 --> Severity: Notice  --> Undefined variable: options C:\xampp\htdocs\indicadores\application\libraries\PHPExcel\Classes\PHPExcel\Settings.php 384
ERROR - 2016-10-02 23:21:30 --> Severity: Notice  --> Undefined variable: options C:\xampp\htdocs\indicadores\application\libraries\PHPExcel\Classes\PHPExcel\Settings.php 384
ERROR - 2016-10-02 23:21:30 --> Severity: Notice  --> Undefined variable: options C:\xampp\htdocs\indicadores\application\libraries\PHPExcel\Classes\PHPExcel\Settings.php 384
ERROR - 2016-10-02 23:21:30 --> Severity: Notice  --> Undefined variable: options C:\xampp\htdocs\indicadores\application\libraries\PHPExcel\Classes\PHPExcel\Settings.php 384
ERROR - 2016-10-02 23:26:06 --> Severity: Notice  --> Undefined variable: options C:\xampp\htdocs\indicadores\application\libraries\PHPExcel\Classes\PHPExcel\Settings.php 384
ERROR - 2016-10-02 23:26:06 --> Severity: Notice  --> Undefined variable: options C:\xampp\htdocs\indicadores\application\libraries\PHPExcel\Classes\PHPExcel\Settings.php 384
ERROR - 2016-10-02 23:26:06 --> Severity: Notice  --> Undefined variable: options C:\xampp\htdocs\indicadores\application\libraries\PHPExcel\Classes\PHPExcel\Settings.php 384
ERROR - 2016-10-02 23:26:07 --> Severity: Notice  --> Undefined variable: options C:\xampp\htdocs\indicadores\application\libraries\PHPExcel\Classes\PHPExcel\Settings.php 384
ERROR - 2016-10-02 23:26:07 --> Severity: Notice  --> Undefined variable: options C:\xampp\htdocs\indicadores\application\libraries\PHPExcel\Classes\PHPExcel\Settings.php 384
ERROR - 2016-10-02 23:26:07 --> Severity: Notice  --> Undefined variable: options C:\xampp\htdocs\indicadores\application\libraries\PHPExcel\Classes\PHPExcel\Settings.php 384
ERROR - 2016-10-02 23:26:07 --> Severity: Notice  --> Undefined variable: options C:\xampp\htdocs\indicadores\application\libraries\PHPExcel\Classes\PHPExcel\Settings.php 384
ERROR - 2016-10-02 23:26:07 --> Severity: Notice  --> Undefined variable: options C:\xampp\htdocs\indicadores\application\libraries\PHPExcel\Classes\PHPExcel\Settings.php 384
ERROR - 2016-10-02 23:26:09 --> Severity: Notice  --> Undefined variable: options C:\xampp\htdocs\indicadores\application\libraries\PHPExcel\Classes\PHPExcel\Settings.php 384
ERROR - 2016-10-02 23:26:09 --> Severity: Notice  --> Undefined variable: options C:\xampp\htdocs\indicadores\application\libraries\PHPExcel\Classes\PHPExcel\Settings.php 384
ERROR - 2016-10-02 23:26:10 --> Severity: Notice  --> Undefined variable: options C:\xampp\htdocs\indicadores\application\libraries\PHPExcel\Classes\PHPExcel\Settings.php 384
ERROR - 2016-10-02 23:26:13 --> Severity: Notice  --> Undefined variable: options C:\xampp\htdocs\indicadores\application\libraries\PHPExcel\Classes\PHPExcel\Settings.php 384
ERROR - 2016-10-02 23:26:13 --> Severity: Notice  --> Undefined variable: options C:\xampp\htdocs\indicadores\application\libraries\PHPExcel\Classes\PHPExcel\Settings.php 384
ERROR - 2016-10-02 23:26:13 --> Severity: Notice  --> Undefined variable: options C:\xampp\htdocs\indicadores\application\libraries\PHPExcel\Classes\PHPExcel\Settings.php 384
ERROR - 2016-10-02 23:26:13 --> Severity: Notice  --> Undefined variable: options C:\xampp\htdocs\indicadores\application\libraries\PHPExcel\Classes\PHPExcel\Settings.php 384
ERROR - 2016-10-02 23:26:13 --> Severity: Notice  --> Undefined variable: options C:\xampp\htdocs\indicadores\application\libraries\PHPExcel\Classes\PHPExcel\Settings.php 384
ERROR - 2016-10-02 23:26:14 --> Severity: Notice  --> Undefined variable: options C:\xampp\htdocs\indicadores\application\libraries\PHPExcel\Classes\PHPExcel\Settings.php 384
ERROR - 2016-10-02 23:26:14 --> Severity: Notice  --> Undefined variable: options C:\xampp\htdocs\indicadores\application\libraries\PHPExcel\Classes\PHPExcel\Settings.php 384
ERROR - 2016-10-02 23:26:14 --> Severity: Notice  --> Undefined variable: options C:\xampp\htdocs\indicadores\application\libraries\PHPExcel\Classes\PHPExcel\Settings.php 384
ERROR - 2016-10-02 23:26:14 --> Severity: Notice  --> Undefined variable: options C:\xampp\htdocs\indicadores\application\libraries\PHPExcel\Classes\PHPExcel\Settings.php 384
ERROR - 2016-10-02 23:32:36 --> Severity: Notice  --> Undefined variable: options C:\xampp\htdocs\indicadores\application\libraries\PHPExcel\Classes\PHPExcel\Settings.php 384
ERROR - 2016-10-02 23:32:37 --> Severity: Notice  --> Undefined variable: options C:\xampp\htdocs\indicadores\application\libraries\PHPExcel\Classes\PHPExcel\Settings.php 384
ERROR - 2016-10-02 23:32:37 --> Severity: Notice  --> Undefined variable: options C:\xampp\htdocs\indicadores\application\libraries\PHPExcel\Classes\PHPExcel\Settings.php 384
ERROR - 2016-10-02 23:32:37 --> Severity: Notice  --> Undefined variable: options C:\xampp\htdocs\indicadores\application\libraries\PHPExcel\Classes\PHPExcel\Settings.php 384
ERROR - 2016-10-02 23:32:37 --> Severity: Notice  --> Undefined variable: options C:\xampp\htdocs\indicadores\application\libraries\PHPExcel\Classes\PHPExcel\Settings.php 384
ERROR - 2016-10-02 23:32:37 --> Severity: Notice  --> Undefined variable: options C:\xampp\htdocs\indicadores\application\libraries\PHPExcel\Classes\PHPExcel\Settings.php 384
ERROR - 2016-10-02 23:32:37 --> Severity: Notice  --> Undefined variable: options C:\xampp\htdocs\indicadores\application\libraries\PHPExcel\Classes\PHPExcel\Settings.php 384
ERROR - 2016-10-02 23:32:37 --> Severity: Notice  --> Undefined variable: options C:\xampp\htdocs\indicadores\application\libraries\PHPExcel\Classes\PHPExcel\Settings.php 384
ERROR - 2016-10-02 23:32:39 --> Severity: Notice  --> Undefined variable: options C:\xampp\htdocs\indicadores\application\libraries\PHPExcel\Classes\PHPExcel\Settings.php 384
ERROR - 2016-10-02 23:32:39 --> Severity: Notice  --> Undefined variable: options C:\xampp\htdocs\indicadores\application\libraries\PHPExcel\Classes\PHPExcel\Settings.php 384
ERROR - 2016-10-02 23:32:39 --> Severity: Notice  --> Undefined variable: options C:\xampp\htdocs\indicadores\application\libraries\PHPExcel\Classes\PHPExcel\Settings.php 384
ERROR - 2016-10-02 23:32:43 --> Severity: Notice  --> Undefined variable: options C:\xampp\htdocs\indicadores\application\libraries\PHPExcel\Classes\PHPExcel\Settings.php 384
ERROR - 2016-10-02 23:32:43 --> Severity: Notice  --> Undefined variable: options C:\xampp\htdocs\indicadores\application\libraries\PHPExcel\Classes\PHPExcel\Settings.php 384
ERROR - 2016-10-02 23:32:43 --> Severity: Notice  --> Undefined variable: options C:\xampp\htdocs\indicadores\application\libraries\PHPExcel\Classes\PHPExcel\Settings.php 384
ERROR - 2016-10-02 23:32:43 --> Severity: Notice  --> Undefined variable: options C:\xampp\htdocs\indicadores\application\libraries\PHPExcel\Classes\PHPExcel\Settings.php 384
ERROR - 2016-10-02 23:32:43 --> Severity: Notice  --> Undefined variable: options C:\xampp\htdocs\indicadores\application\libraries\PHPExcel\Classes\PHPExcel\Settings.php 384
ERROR - 2016-10-02 23:32:44 --> Severity: Notice  --> Undefined variable: options C:\xampp\htdocs\indicadores\application\libraries\PHPExcel\Classes\PHPExcel\Settings.php 384
ERROR - 2016-10-02 23:32:44 --> Severity: Notice  --> Undefined variable: options C:\xampp\htdocs\indicadores\application\libraries\PHPExcel\Classes\PHPExcel\Settings.php 384
ERROR - 2016-10-02 23:32:44 --> Severity: Notice  --> Undefined variable: options C:\xampp\htdocs\indicadores\application\libraries\PHPExcel\Classes\PHPExcel\Settings.php 384
ERROR - 2016-10-02 23:32:44 --> Severity: Notice  --> Undefined variable: options C:\xampp\htdocs\indicadores\application\libraries\PHPExcel\Classes\PHPExcel\Settings.php 384
ERROR - 2016-10-02 23:33:41 --> Severity: Notice  --> Undefined variable: options C:\xampp\htdocs\indicadores\application\libraries\PHPExcel\Classes\PHPExcel\Settings.php 384
ERROR - 2016-10-02 23:33:41 --> Severity: Notice  --> Undefined variable: options C:\xampp\htdocs\indicadores\application\libraries\PHPExcel\Classes\PHPExcel\Settings.php 384
ERROR - 2016-10-02 23:33:41 --> Severity: Notice  --> Undefined variable: options C:\xampp\htdocs\indicadores\application\libraries\PHPExcel\Classes\PHPExcel\Settings.php 384
ERROR - 2016-10-02 23:33:41 --> Severity: Notice  --> Undefined variable: options C:\xampp\htdocs\indicadores\application\libraries\PHPExcel\Classes\PHPExcel\Settings.php 384
ERROR - 2016-10-02 23:33:41 --> Severity: Notice  --> Undefined variable: options C:\xampp\htdocs\indicadores\application\libraries\PHPExcel\Classes\PHPExcel\Settings.php 384
ERROR - 2016-10-02 23:33:41 --> Severity: Notice  --> Undefined variable: options C:\xampp\htdocs\indicadores\application\libraries\PHPExcel\Classes\PHPExcel\Settings.php 384
ERROR - 2016-10-02 23:33:41 --> Severity: Notice  --> Undefined variable: options C:\xampp\htdocs\indicadores\application\libraries\PHPExcel\Classes\PHPExcel\Settings.php 384
ERROR - 2016-10-02 23:33:41 --> Severity: Notice  --> Undefined variable: options C:\xampp\htdocs\indicadores\application\libraries\PHPExcel\Classes\PHPExcel\Settings.php 384
ERROR - 2016-10-02 23:33:42 --> Severity: Notice  --> Undefined variable: options C:\xampp\htdocs\indicadores\application\libraries\PHPExcel\Classes\PHPExcel\Settings.php 384
ERROR - 2016-10-02 23:33:42 --> Severity: Notice  --> Undefined variable: options C:\xampp\htdocs\indicadores\application\libraries\PHPExcel\Classes\PHPExcel\Settings.php 384
ERROR - 2016-10-02 23:33:42 --> Severity: Notice  --> Undefined variable: options C:\xampp\htdocs\indicadores\application\libraries\PHPExcel\Classes\PHPExcel\Settings.php 384
ERROR - 2016-10-02 23:33:46 --> Severity: Notice  --> Undefined variable: options C:\xampp\htdocs\indicadores\application\libraries\PHPExcel\Classes\PHPExcel\Settings.php 384
ERROR - 2016-10-02 23:33:46 --> Severity: Notice  --> Undefined variable: options C:\xampp\htdocs\indicadores\application\libraries\PHPExcel\Classes\PHPExcel\Settings.php 384
ERROR - 2016-10-02 23:33:46 --> Severity: Notice  --> Undefined variable: options C:\xampp\htdocs\indicadores\application\libraries\PHPExcel\Classes\PHPExcel\Settings.php 384
ERROR - 2016-10-02 23:33:46 --> Severity: Notice  --> Undefined variable: options C:\xampp\htdocs\indicadores\application\libraries\PHPExcel\Classes\PHPExcel\Settings.php 384
ERROR - 2016-10-02 23:33:46 --> Severity: Notice  --> Undefined variable: options C:\xampp\htdocs\indicadores\application\libraries\PHPExcel\Classes\PHPExcel\Settings.php 384
ERROR - 2016-10-02 23:33:46 --> Severity: Notice  --> Undefined variable: options C:\xampp\htdocs\indicadores\application\libraries\PHPExcel\Classes\PHPExcel\Settings.php 384
ERROR - 2016-10-02 23:33:46 --> Severity: Notice  --> Undefined variable: options C:\xampp\htdocs\indicadores\application\libraries\PHPExcel\Classes\PHPExcel\Settings.php 384
ERROR - 2016-10-02 23:33:46 --> Severity: Notice  --> Undefined variable: options C:\xampp\htdocs\indicadores\application\libraries\PHPExcel\Classes\PHPExcel\Settings.php 384
ERROR - 2016-10-02 23:33:46 --> Severity: Notice  --> Undefined variable: options C:\xampp\htdocs\indicadores\application\libraries\PHPExcel\Classes\PHPExcel\Settings.php 384
ERROR - 2016-10-02 23:35:23 --> Severity: Notice  --> Undefined variable: options C:\xampp\htdocs\indicadores\application\libraries\PHPExcel\Classes\PHPExcel\Settings.php 384
ERROR - 2016-10-02 23:35:23 --> Severity: Notice  --> Undefined variable: options C:\xampp\htdocs\indicadores\application\libraries\PHPExcel\Classes\PHPExcel\Settings.php 384
ERROR - 2016-10-02 23:35:23 --> Severity: Notice  --> Undefined variable: options C:\xampp\htdocs\indicadores\application\libraries\PHPExcel\Classes\PHPExcel\Settings.php 384
ERROR - 2016-10-02 23:35:23 --> Severity: Notice  --> Undefined variable: options C:\xampp\htdocs\indicadores\application\libraries\PHPExcel\Classes\PHPExcel\Settings.php 384
ERROR - 2016-10-02 23:35:23 --> Severity: Notice  --> Undefined variable: options C:\xampp\htdocs\indicadores\application\libraries\PHPExcel\Classes\PHPExcel\Settings.php 384
ERROR - 2016-10-02 23:35:23 --> Severity: Notice  --> Undefined variable: options C:\xampp\htdocs\indicadores\application\libraries\PHPExcel\Classes\PHPExcel\Settings.php 384
ERROR - 2016-10-02 23:35:23 --> Severity: Notice  --> Undefined variable: options C:\xampp\htdocs\indicadores\application\libraries\PHPExcel\Classes\PHPExcel\Settings.php 384
ERROR - 2016-10-02 23:35:23 --> Severity: Notice  --> Undefined variable: options C:\xampp\htdocs\indicadores\application\libraries\PHPExcel\Classes\PHPExcel\Settings.php 384
ERROR - 2016-10-02 23:35:24 --> Severity: Notice  --> Undefined variable: options C:\xampp\htdocs\indicadores\application\libraries\PHPExcel\Classes\PHPExcel\Settings.php 384
ERROR - 2016-10-02 23:35:24 --> Severity: Notice  --> Undefined variable: options C:\xampp\htdocs\indicadores\application\libraries\PHPExcel\Classes\PHPExcel\Settings.php 384
ERROR - 2016-10-02 23:35:25 --> Severity: Notice  --> Undefined variable: options C:\xampp\htdocs\indicadores\application\libraries\PHPExcel\Classes\PHPExcel\Settings.php 384
ERROR - 2016-10-02 23:35:28 --> Severity: Notice  --> Undefined variable: options C:\xampp\htdocs\indicadores\application\libraries\PHPExcel\Classes\PHPExcel\Settings.php 384
ERROR - 2016-10-02 23:35:28 --> Severity: Notice  --> Undefined variable: options C:\xampp\htdocs\indicadores\application\libraries\PHPExcel\Classes\PHPExcel\Settings.php 384
ERROR - 2016-10-02 23:35:28 --> Severity: Notice  --> Undefined variable: options C:\xampp\htdocs\indicadores\application\libraries\PHPExcel\Classes\PHPExcel\Settings.php 384
ERROR - 2016-10-02 23:35:28 --> Severity: Notice  --> Undefined variable: options C:\xampp\htdocs\indicadores\application\libraries\PHPExcel\Classes\PHPExcel\Settings.php 384
ERROR - 2016-10-02 23:35:28 --> Severity: Notice  --> Undefined variable: options C:\xampp\htdocs\indicadores\application\libraries\PHPExcel\Classes\PHPExcel\Settings.php 384
ERROR - 2016-10-02 23:35:28 --> Severity: Notice  --> Undefined variable: options C:\xampp\htdocs\indicadores\application\libraries\PHPExcel\Classes\PHPExcel\Settings.php 384
ERROR - 2016-10-02 23:35:28 --> Severity: Notice  --> Undefined variable: options C:\xampp\htdocs\indicadores\application\libraries\PHPExcel\Classes\PHPExcel\Settings.php 384
ERROR - 2016-10-02 23:35:28 --> Severity: Notice  --> Undefined variable: options C:\xampp\htdocs\indicadores\application\libraries\PHPExcel\Classes\PHPExcel\Settings.php 384
ERROR - 2016-10-02 23:35:28 --> Severity: Notice  --> Undefined variable: options C:\xampp\htdocs\indicadores\application\libraries\PHPExcel\Classes\PHPExcel\Settings.php 384
ERROR - 2016-10-02 23:36:39 --> Severity: Notice  --> Undefined variable: options C:\xampp\htdocs\indicadores\application\libraries\PHPExcel\Classes\PHPExcel\Settings.php 384
ERROR - 2016-10-02 23:36:39 --> Severity: Notice  --> Undefined variable: options C:\xampp\htdocs\indicadores\application\libraries\PHPExcel\Classes\PHPExcel\Settings.php 384
ERROR - 2016-10-02 23:36:39 --> Severity: Notice  --> Undefined variable: options C:\xampp\htdocs\indicadores\application\libraries\PHPExcel\Classes\PHPExcel\Settings.php 384
ERROR - 2016-10-02 23:36:39 --> Severity: Notice  --> Undefined variable: options C:\xampp\htdocs\indicadores\application\libraries\PHPExcel\Classes\PHPExcel\Settings.php 384
ERROR - 2016-10-02 23:36:39 --> Severity: Notice  --> Undefined variable: options C:\xampp\htdocs\indicadores\application\libraries\PHPExcel\Classes\PHPExcel\Settings.php 384
ERROR - 2016-10-02 23:36:39 --> Severity: Notice  --> Undefined variable: options C:\xampp\htdocs\indicadores\application\libraries\PHPExcel\Classes\PHPExcel\Settings.php 384
ERROR - 2016-10-02 23:36:39 --> Severity: Notice  --> Undefined variable: options C:\xampp\htdocs\indicadores\application\libraries\PHPExcel\Classes\PHPExcel\Settings.php 384
ERROR - 2016-10-02 23:36:39 --> Severity: Notice  --> Undefined variable: options C:\xampp\htdocs\indicadores\application\libraries\PHPExcel\Classes\PHPExcel\Settings.php 384
ERROR - 2016-10-02 23:36:40 --> Severity: Notice  --> Undefined variable: options C:\xampp\htdocs\indicadores\application\libraries\PHPExcel\Classes\PHPExcel\Settings.php 384
ERROR - 2016-10-02 23:36:40 --> Severity: Notice  --> Undefined variable: options C:\xampp\htdocs\indicadores\application\libraries\PHPExcel\Classes\PHPExcel\Settings.php 384
ERROR - 2016-10-02 23:36:40 --> Severity: Notice  --> Undefined variable: options C:\xampp\htdocs\indicadores\application\libraries\PHPExcel\Classes\PHPExcel\Settings.php 384
ERROR - 2016-10-02 23:36:42 --> Severity: Notice  --> Undefined variable: options C:\xampp\htdocs\indicadores\application\libraries\PHPExcel\Classes\PHPExcel\Settings.php 384
ERROR - 2016-10-02 23:36:42 --> Severity: Notice  --> Undefined variable: options C:\xampp\htdocs\indicadores\application\libraries\PHPExcel\Classes\PHPExcel\Settings.php 384
ERROR - 2016-10-02 23:36:42 --> Severity: Notice  --> Undefined variable: options C:\xampp\htdocs\indicadores\application\libraries\PHPExcel\Classes\PHPExcel\Settings.php 384
ERROR - 2016-10-02 23:36:42 --> Severity: Notice  --> Undefined variable: options C:\xampp\htdocs\indicadores\application\libraries\PHPExcel\Classes\PHPExcel\Settings.php 384
ERROR - 2016-10-02 23:36:42 --> Severity: Notice  --> Undefined variable: options C:\xampp\htdocs\indicadores\application\libraries\PHPExcel\Classes\PHPExcel\Settings.php 384
ERROR - 2016-10-02 23:36:43 --> Severity: Notice  --> Undefined variable: options C:\xampp\htdocs\indicadores\application\libraries\PHPExcel\Classes\PHPExcel\Settings.php 384
ERROR - 2016-10-02 23:36:43 --> Severity: Notice  --> Undefined variable: options C:\xampp\htdocs\indicadores\application\libraries\PHPExcel\Classes\PHPExcel\Settings.php 384
ERROR - 2016-10-02 23:36:43 --> Severity: Notice  --> Undefined variable: options C:\xampp\htdocs\indicadores\application\libraries\PHPExcel\Classes\PHPExcel\Settings.php 384
ERROR - 2016-10-02 23:36:43 --> Severity: Notice  --> Undefined variable: options C:\xampp\htdocs\indicadores\application\libraries\PHPExcel\Classes\PHPExcel\Settings.php 384
ERROR - 2016-10-02 23:37:23 --> Severity: Notice  --> Undefined variable: options C:\xampp\htdocs\indicadores\application\libraries\PHPExcel\Classes\PHPExcel\Settings.php 384
ERROR - 2016-10-02 23:37:23 --> Severity: Notice  --> Undefined variable: options C:\xampp\htdocs\indicadores\application\libraries\PHPExcel\Classes\PHPExcel\Settings.php 384
ERROR - 2016-10-02 23:37:23 --> Severity: Notice  --> Undefined variable: options C:\xampp\htdocs\indicadores\application\libraries\PHPExcel\Classes\PHPExcel\Settings.php 384
ERROR - 2016-10-02 23:37:23 --> Severity: Notice  --> Undefined variable: options C:\xampp\htdocs\indicadores\application\libraries\PHPExcel\Classes\PHPExcel\Settings.php 384
ERROR - 2016-10-02 23:37:23 --> Severity: Notice  --> Undefined variable: options C:\xampp\htdocs\indicadores\application\libraries\PHPExcel\Classes\PHPExcel\Settings.php 384
ERROR - 2016-10-02 23:37:23 --> Severity: Notice  --> Undefined variable: options C:\xampp\htdocs\indicadores\application\libraries\PHPExcel\Classes\PHPExcel\Settings.php 384
ERROR - 2016-10-02 23:37:23 --> Severity: Notice  --> Undefined variable: options C:\xampp\htdocs\indicadores\application\libraries\PHPExcel\Classes\PHPExcel\Settings.php 384
ERROR - 2016-10-02 23:37:23 --> Severity: Notice  --> Undefined variable: options C:\xampp\htdocs\indicadores\application\libraries\PHPExcel\Classes\PHPExcel\Settings.php 384
ERROR - 2016-10-02 23:37:24 --> Severity: Notice  --> Undefined variable: options C:\xampp\htdocs\indicadores\application\libraries\PHPExcel\Classes\PHPExcel\Settings.php 384
ERROR - 2016-10-02 23:37:24 --> Severity: Notice  --> Undefined variable: options C:\xampp\htdocs\indicadores\application\libraries\PHPExcel\Classes\PHPExcel\Settings.php 384
ERROR - 2016-10-02 23:37:24 --> Severity: Notice  --> Undefined variable: options C:\xampp\htdocs\indicadores\application\libraries\PHPExcel\Classes\PHPExcel\Settings.php 384
ERROR - 2016-10-02 23:37:27 --> Severity: Notice  --> Undefined variable: options C:\xampp\htdocs\indicadores\application\libraries\PHPExcel\Classes\PHPExcel\Settings.php 384
ERROR - 2016-10-02 23:37:27 --> Severity: Notice  --> Undefined variable: options C:\xampp\htdocs\indicadores\application\libraries\PHPExcel\Classes\PHPExcel\Settings.php 384
ERROR - 2016-10-02 23:37:27 --> Severity: Notice  --> Undefined variable: options C:\xampp\htdocs\indicadores\application\libraries\PHPExcel\Classes\PHPExcel\Settings.php 384
ERROR - 2016-10-02 23:37:27 --> Severity: Notice  --> Undefined variable: options C:\xampp\htdocs\indicadores\application\libraries\PHPExcel\Classes\PHPExcel\Settings.php 384
ERROR - 2016-10-02 23:37:27 --> Severity: Notice  --> Undefined variable: options C:\xampp\htdocs\indicadores\application\libraries\PHPExcel\Classes\PHPExcel\Settings.php 384
ERROR - 2016-10-02 23:37:28 --> Severity: Notice  --> Undefined variable: options C:\xampp\htdocs\indicadores\application\libraries\PHPExcel\Classes\PHPExcel\Settings.php 384
ERROR - 2016-10-02 23:37:28 --> Severity: Notice  --> Undefined variable: options C:\xampp\htdocs\indicadores\application\libraries\PHPExcel\Classes\PHPExcel\Settings.php 384
ERROR - 2016-10-02 23:37:28 --> Severity: Notice  --> Undefined variable: options C:\xampp\htdocs\indicadores\application\libraries\PHPExcel\Classes\PHPExcel\Settings.php 384
ERROR - 2016-10-02 23:37:28 --> Severity: Notice  --> Undefined variable: options C:\xampp\htdocs\indicadores\application\libraries\PHPExcel\Classes\PHPExcel\Settings.php 384
ERROR - 2016-10-02 23:38:06 --> Severity: Notice  --> Undefined variable: options C:\xampp\htdocs\indicadores\application\libraries\PHPExcel\Classes\PHPExcel\Settings.php 384
ERROR - 2016-10-02 23:38:06 --> Severity: Notice  --> Undefined variable: options C:\xampp\htdocs\indicadores\application\libraries\PHPExcel\Classes\PHPExcel\Settings.php 384
ERROR - 2016-10-02 23:38:06 --> Severity: Notice  --> Undefined variable: options C:\xampp\htdocs\indicadores\application\libraries\PHPExcel\Classes\PHPExcel\Settings.php 384
ERROR - 2016-10-02 23:38:06 --> Severity: Notice  --> Undefined variable: options C:\xampp\htdocs\indicadores\application\libraries\PHPExcel\Classes\PHPExcel\Settings.php 384
ERROR - 2016-10-02 23:38:06 --> Severity: Notice  --> Undefined variable: options C:\xampp\htdocs\indicadores\application\libraries\PHPExcel\Classes\PHPExcel\Settings.php 384
ERROR - 2016-10-02 23:38:06 --> Severity: Notice  --> Undefined variable: options C:\xampp\htdocs\indicadores\application\libraries\PHPExcel\Classes\PHPExcel\Settings.php 384
ERROR - 2016-10-02 23:38:06 --> Severity: Notice  --> Undefined variable: options C:\xampp\htdocs\indicadores\application\libraries\PHPExcel\Classes\PHPExcel\Settings.php 384
ERROR - 2016-10-02 23:38:06 --> Severity: Notice  --> Undefined variable: options C:\xampp\htdocs\indicadores\application\libraries\PHPExcel\Classes\PHPExcel\Settings.php 384
ERROR - 2016-10-02 23:38:07 --> Severity: Notice  --> Undefined variable: options C:\xampp\htdocs\indicadores\application\libraries\PHPExcel\Classes\PHPExcel\Settings.php 384
ERROR - 2016-10-02 23:38:07 --> Severity: Notice  --> Undefined variable: options C:\xampp\htdocs\indicadores\application\libraries\PHPExcel\Classes\PHPExcel\Settings.php 384
ERROR - 2016-10-02 23:38:07 --> Severity: Notice  --> Undefined variable: options C:\xampp\htdocs\indicadores\application\libraries\PHPExcel\Classes\PHPExcel\Settings.php 384
ERROR - 2016-10-02 23:38:10 --> Severity: Notice  --> Undefined variable: options C:\xampp\htdocs\indicadores\application\libraries\PHPExcel\Classes\PHPExcel\Settings.php 384
ERROR - 2016-10-02 23:38:10 --> Severity: Notice  --> Undefined variable: options C:\xampp\htdocs\indicadores\application\libraries\PHPExcel\Classes\PHPExcel\Settings.php 384
ERROR - 2016-10-02 23:38:10 --> Severity: Notice  --> Undefined variable: options C:\xampp\htdocs\indicadores\application\libraries\PHPExcel\Classes\PHPExcel\Settings.php 384
ERROR - 2016-10-02 23:38:10 --> Severity: Notice  --> Undefined variable: options C:\xampp\htdocs\indicadores\application\libraries\PHPExcel\Classes\PHPExcel\Settings.php 384
ERROR - 2016-10-02 23:38:10 --> Severity: Notice  --> Undefined variable: options C:\xampp\htdocs\indicadores\application\libraries\PHPExcel\Classes\PHPExcel\Settings.php 384
ERROR - 2016-10-02 23:38:10 --> Severity: Notice  --> Undefined variable: options C:\xampp\htdocs\indicadores\application\libraries\PHPExcel\Classes\PHPExcel\Settings.php 384
ERROR - 2016-10-02 23:38:10 --> Severity: Notice  --> Undefined variable: options C:\xampp\htdocs\indicadores\application\libraries\PHPExcel\Classes\PHPExcel\Settings.php 384
ERROR - 2016-10-02 23:38:10 --> Severity: Notice  --> Undefined variable: options C:\xampp\htdocs\indicadores\application\libraries\PHPExcel\Classes\PHPExcel\Settings.php 384
ERROR - 2016-10-02 23:38:10 --> Severity: Notice  --> Undefined variable: options C:\xampp\htdocs\indicadores\application\libraries\PHPExcel\Classes\PHPExcel\Settings.php 384
ERROR - 2016-10-02 23:38:10 --> Severity: Notice  --> Undefined offset: 0 C:\xampp\htdocs\indicadores\application\controllers\archivos\upload.php 87
ERROR - 2016-10-02 23:38:42 --> Severity: Notice  --> Undefined variable: options C:\xampp\htdocs\indicadores\application\libraries\PHPExcel\Classes\PHPExcel\Settings.php 384
ERROR - 2016-10-02 23:38:42 --> Severity: Notice  --> Undefined variable: options C:\xampp\htdocs\indicadores\application\libraries\PHPExcel\Classes\PHPExcel\Settings.php 384
ERROR - 2016-10-02 23:38:42 --> Severity: Notice  --> Undefined variable: options C:\xampp\htdocs\indicadores\application\libraries\PHPExcel\Classes\PHPExcel\Settings.php 384
ERROR - 2016-10-02 23:38:42 --> Severity: Notice  --> Undefined variable: options C:\xampp\htdocs\indicadores\application\libraries\PHPExcel\Classes\PHPExcel\Settings.php 384
ERROR - 2016-10-02 23:38:42 --> Severity: Notice  --> Undefined variable: options C:\xampp\htdocs\indicadores\application\libraries\PHPExcel\Classes\PHPExcel\Settings.php 384
ERROR - 2016-10-02 23:38:42 --> Severity: Notice  --> Undefined variable: options C:\xampp\htdocs\indicadores\application\libraries\PHPExcel\Classes\PHPExcel\Settings.php 384
ERROR - 2016-10-02 23:38:42 --> Severity: Notice  --> Undefined variable: options C:\xampp\htdocs\indicadores\application\libraries\PHPExcel\Classes\PHPExcel\Settings.php 384
ERROR - 2016-10-02 23:38:42 --> Severity: Notice  --> Undefined variable: options C:\xampp\htdocs\indicadores\application\libraries\PHPExcel\Classes\PHPExcel\Settings.php 384
ERROR - 2016-10-02 23:38:43 --> Severity: Notice  --> Undefined variable: options C:\xampp\htdocs\indicadores\application\libraries\PHPExcel\Classes\PHPExcel\Settings.php 384
ERROR - 2016-10-02 23:38:43 --> Severity: Notice  --> Undefined variable: options C:\xampp\htdocs\indicadores\application\libraries\PHPExcel\Classes\PHPExcel\Settings.php 384
ERROR - 2016-10-02 23:38:43 --> Severity: Notice  --> Undefined variable: options C:\xampp\htdocs\indicadores\application\libraries\PHPExcel\Classes\PHPExcel\Settings.php 384
ERROR - 2016-10-02 23:38:47 --> Severity: Notice  --> Undefined variable: options C:\xampp\htdocs\indicadores\application\libraries\PHPExcel\Classes\PHPExcel\Settings.php 384
ERROR - 2016-10-02 23:38:47 --> Severity: Notice  --> Undefined variable: options C:\xampp\htdocs\indicadores\application\libraries\PHPExcel\Classes\PHPExcel\Settings.php 384
ERROR - 2016-10-02 23:38:47 --> Severity: Notice  --> Undefined variable: options C:\xampp\htdocs\indicadores\application\libraries\PHPExcel\Classes\PHPExcel\Settings.php 384
ERROR - 2016-10-02 23:38:47 --> Severity: Notice  --> Undefined variable: options C:\xampp\htdocs\indicadores\application\libraries\PHPExcel\Classes\PHPExcel\Settings.php 384
ERROR - 2016-10-02 23:38:47 --> Severity: Notice  --> Undefined variable: options C:\xampp\htdocs\indicadores\application\libraries\PHPExcel\Classes\PHPExcel\Settings.php 384
ERROR - 2016-10-02 23:38:47 --> Severity: Notice  --> Undefined variable: options C:\xampp\htdocs\indicadores\application\libraries\PHPExcel\Classes\PHPExcel\Settings.php 384
ERROR - 2016-10-02 23:38:47 --> Severity: Notice  --> Undefined variable: options C:\xampp\htdocs\indicadores\application\libraries\PHPExcel\Classes\PHPExcel\Settings.php 384
ERROR - 2016-10-02 23:38:47 --> Severity: Notice  --> Undefined variable: options C:\xampp\htdocs\indicadores\application\libraries\PHPExcel\Classes\PHPExcel\Settings.php 384
ERROR - 2016-10-02 23:38:47 --> Severity: Notice  --> Undefined variable: options C:\xampp\htdocs\indicadores\application\libraries\PHPExcel\Classes\PHPExcel\Settings.php 384
ERROR - 2016-10-02 23:42:39 --> Severity: Notice  --> Undefined variable: options C:\xampp\htdocs\indicadores\application\libraries\PHPExcel\Classes\PHPExcel\Settings.php 384
ERROR - 2016-10-02 23:42:39 --> Severity: Notice  --> Undefined variable: options C:\xampp\htdocs\indicadores\application\libraries\PHPExcel\Classes\PHPExcel\Settings.php 384
ERROR - 2016-10-02 23:42:39 --> Severity: Notice  --> Undefined variable: options C:\xampp\htdocs\indicadores\application\libraries\PHPExcel\Classes\PHPExcel\Settings.php 384
ERROR - 2016-10-02 23:42:39 --> Severity: Notice  --> Undefined variable: options C:\xampp\htdocs\indicadores\application\libraries\PHPExcel\Classes\PHPExcel\Settings.php 384
ERROR - 2016-10-02 23:42:39 --> Severity: Notice  --> Undefined variable: options C:\xampp\htdocs\indicadores\application\libraries\PHPExcel\Classes\PHPExcel\Settings.php 384
ERROR - 2016-10-02 23:42:39 --> Severity: Notice  --> Undefined variable: options C:\xampp\htdocs\indicadores\application\libraries\PHPExcel\Classes\PHPExcel\Settings.php 384
ERROR - 2016-10-02 23:42:39 --> Severity: Notice  --> Undefined variable: options C:\xampp\htdocs\indicadores\application\libraries\PHPExcel\Classes\PHPExcel\Settings.php 384
ERROR - 2016-10-02 23:42:39 --> Severity: Notice  --> Undefined variable: options C:\xampp\htdocs\indicadores\application\libraries\PHPExcel\Classes\PHPExcel\Settings.php 384
ERROR - 2016-10-02 23:42:40 --> Severity: Notice  --> Undefined variable: options C:\xampp\htdocs\indicadores\application\libraries\PHPExcel\Classes\PHPExcel\Settings.php 384
ERROR - 2016-10-02 23:42:40 --> Severity: Notice  --> Undefined variable: options C:\xampp\htdocs\indicadores\application\libraries\PHPExcel\Classes\PHPExcel\Settings.php 384
ERROR - 2016-10-02 23:42:40 --> Severity: Notice  --> Undefined variable: options C:\xampp\htdocs\indicadores\application\libraries\PHPExcel\Classes\PHPExcel\Settings.php 384
ERROR - 2016-10-02 23:42:44 --> Severity: Notice  --> Undefined variable: options C:\xampp\htdocs\indicadores\application\libraries\PHPExcel\Classes\PHPExcel\Settings.php 384
ERROR - 2016-10-02 23:42:44 --> Severity: Notice  --> Undefined variable: options C:\xampp\htdocs\indicadores\application\libraries\PHPExcel\Classes\PHPExcel\Settings.php 384
ERROR - 2016-10-02 23:42:44 --> Severity: Notice  --> Undefined variable: options C:\xampp\htdocs\indicadores\application\libraries\PHPExcel\Classes\PHPExcel\Settings.php 384
ERROR - 2016-10-02 23:42:44 --> Severity: Notice  --> Undefined variable: options C:\xampp\htdocs\indicadores\application\libraries\PHPExcel\Classes\PHPExcel\Settings.php 384
ERROR - 2016-10-02 23:42:44 --> Severity: Notice  --> Undefined variable: options C:\xampp\htdocs\indicadores\application\libraries\PHPExcel\Classes\PHPExcel\Settings.php 384
ERROR - 2016-10-02 23:42:44 --> Severity: Notice  --> Undefined variable: options C:\xampp\htdocs\indicadores\application\libraries\PHPExcel\Classes\PHPExcel\Settings.php 384
ERROR - 2016-10-02 23:42:44 --> Severity: Notice  --> Undefined variable: options C:\xampp\htdocs\indicadores\application\libraries\PHPExcel\Classes\PHPExcel\Settings.php 384
ERROR - 2016-10-02 23:42:44 --> Severity: Notice  --> Undefined variable: options C:\xampp\htdocs\indicadores\application\libraries\PHPExcel\Classes\PHPExcel\Settings.php 384
ERROR - 2016-10-02 23:42:44 --> Severity: Notice  --> Undefined variable: options C:\xampp\htdocs\indicadores\application\libraries\PHPExcel\Classes\PHPExcel\Settings.php 384
ERROR - 2016-10-02 23:53:28 --> Severity: Notice  --> Undefined variable: options C:\xampp\htdocs\indicadores\application\libraries\PHPExcel\Classes\PHPExcel\Settings.php 384
ERROR - 2016-10-02 23:53:28 --> Severity: Notice  --> Undefined variable: options C:\xampp\htdocs\indicadores\application\libraries\PHPExcel\Classes\PHPExcel\Settings.php 384
ERROR - 2016-10-02 23:53:28 --> Severity: Notice  --> Undefined variable: options C:\xampp\htdocs\indicadores\application\libraries\PHPExcel\Classes\PHPExcel\Settings.php 384
ERROR - 2016-10-02 23:53:28 --> Severity: Notice  --> Undefined variable: options C:\xampp\htdocs\indicadores\application\libraries\PHPExcel\Classes\PHPExcel\Settings.php 384
ERROR - 2016-10-02 23:53:28 --> Severity: Notice  --> Undefined variable: options C:\xampp\htdocs\indicadores\application\libraries\PHPExcel\Classes\PHPExcel\Settings.php 384
ERROR - 2016-10-02 23:53:28 --> Severity: Notice  --> Undefined variable: options C:\xampp\htdocs\indicadores\application\libraries\PHPExcel\Classes\PHPExcel\Settings.php 384
ERROR - 2016-10-02 23:53:28 --> Severity: Notice  --> Undefined variable: options C:\xampp\htdocs\indicadores\application\libraries\PHPExcel\Classes\PHPExcel\Settings.php 384
ERROR - 2016-10-02 23:53:28 --> Severity: Notice  --> Undefined variable: options C:\xampp\htdocs\indicadores\application\libraries\PHPExcel\Classes\PHPExcel\Settings.php 384
ERROR - 2016-10-02 23:53:29 --> Severity: Notice  --> Undefined variable: options C:\xampp\htdocs\indicadores\application\libraries\PHPExcel\Classes\PHPExcel\Settings.php 384
ERROR - 2016-10-02 23:53:29 --> Severity: Notice  --> Undefined variable: options C:\xampp\htdocs\indicadores\application\libraries\PHPExcel\Classes\PHPExcel\Settings.php 384
ERROR - 2016-10-02 23:53:29 --> Severity: Notice  --> Undefined variable: options C:\xampp\htdocs\indicadores\application\libraries\PHPExcel\Classes\PHPExcel\Settings.php 384
ERROR - 2016-10-02 23:53:32 --> Severity: Notice  --> Undefined variable: options C:\xampp\htdocs\indicadores\application\libraries\PHPExcel\Classes\PHPExcel\Settings.php 384
ERROR - 2016-10-02 23:53:32 --> Severity: Notice  --> Undefined variable: options C:\xampp\htdocs\indicadores\application\libraries\PHPExcel\Classes\PHPExcel\Settings.php 384
ERROR - 2016-10-02 23:53:32 --> Severity: Notice  --> Undefined variable: options C:\xampp\htdocs\indicadores\application\libraries\PHPExcel\Classes\PHPExcel\Settings.php 384
ERROR - 2016-10-02 23:53:32 --> Severity: Notice  --> Undefined variable: options C:\xampp\htdocs\indicadores\application\libraries\PHPExcel\Classes\PHPExcel\Settings.php 384
ERROR - 2016-10-02 23:53:33 --> Severity: Notice  --> Undefined variable: options C:\xampp\htdocs\indicadores\application\libraries\PHPExcel\Classes\PHPExcel\Settings.php 384
ERROR - 2016-10-02 23:53:33 --> Severity: Notice  --> Undefined variable: options C:\xampp\htdocs\indicadores\application\libraries\PHPExcel\Classes\PHPExcel\Settings.php 384
ERROR - 2016-10-02 23:53:33 --> Severity: Notice  --> Undefined variable: options C:\xampp\htdocs\indicadores\application\libraries\PHPExcel\Classes\PHPExcel\Settings.php 384
ERROR - 2016-10-02 23:53:33 --> Severity: Notice  --> Undefined variable: options C:\xampp\htdocs\indicadores\application\libraries\PHPExcel\Classes\PHPExcel\Settings.php 384
ERROR - 2016-10-02 23:53:33 --> Severity: Notice  --> Undefined variable: options C:\xampp\htdocs\indicadores\application\libraries\PHPExcel\Classes\PHPExcel\Settings.php 384
ERROR - 2016-10-02 23:53:59 --> Severity: Notice  --> Undefined variable: options C:\xampp\htdocs\indicadores\application\libraries\PHPExcel\Classes\PHPExcel\Settings.php 384
ERROR - 2016-10-02 23:53:59 --> Severity: Notice  --> Undefined variable: options C:\xampp\htdocs\indicadores\application\libraries\PHPExcel\Classes\PHPExcel\Settings.php 384
ERROR - 2016-10-02 23:53:59 --> Severity: Notice  --> Undefined variable: options C:\xampp\htdocs\indicadores\application\libraries\PHPExcel\Classes\PHPExcel\Settings.php 384
ERROR - 2016-10-02 23:53:59 --> Severity: Notice  --> Undefined variable: options C:\xampp\htdocs\indicadores\application\libraries\PHPExcel\Classes\PHPExcel\Settings.php 384
ERROR - 2016-10-02 23:53:59 --> Severity: Notice  --> Undefined variable: options C:\xampp\htdocs\indicadores\application\libraries\PHPExcel\Classes\PHPExcel\Settings.php 384
ERROR - 2016-10-02 23:53:59 --> Severity: Notice  --> Undefined variable: options C:\xampp\htdocs\indicadores\application\libraries\PHPExcel\Classes\PHPExcel\Settings.php 384
ERROR - 2016-10-02 23:53:59 --> Severity: Notice  --> Undefined variable: options C:\xampp\htdocs\indicadores\application\libraries\PHPExcel\Classes\PHPExcel\Settings.php 384
ERROR - 2016-10-02 23:53:59 --> Severity: Notice  --> Undefined variable: options C:\xampp\htdocs\indicadores\application\libraries\PHPExcel\Classes\PHPExcel\Settings.php 384
ERROR - 2016-10-02 23:54:00 --> Severity: Notice  --> Undefined variable: options C:\xampp\htdocs\indicadores\application\libraries\PHPExcel\Classes\PHPExcel\Settings.php 384
ERROR - 2016-10-02 23:54:00 --> Severity: Notice  --> Undefined variable: options C:\xampp\htdocs\indicadores\application\libraries\PHPExcel\Classes\PHPExcel\Settings.php 384
ERROR - 2016-10-02 23:54:00 --> Severity: Notice  --> Undefined variable: options C:\xampp\htdocs\indicadores\application\libraries\PHPExcel\Classes\PHPExcel\Settings.php 384
ERROR - 2016-10-02 23:54:04 --> Severity: Notice  --> Undefined variable: options C:\xampp\htdocs\indicadores\application\libraries\PHPExcel\Classes\PHPExcel\Settings.php 384
ERROR - 2016-10-02 23:54:04 --> Severity: Notice  --> Undefined variable: options C:\xampp\htdocs\indicadores\application\libraries\PHPExcel\Classes\PHPExcel\Settings.php 384
ERROR - 2016-10-02 23:54:04 --> Severity: Notice  --> Undefined variable: options C:\xampp\htdocs\indicadores\application\libraries\PHPExcel\Classes\PHPExcel\Settings.php 384
ERROR - 2016-10-02 23:54:04 --> Severity: Notice  --> Undefined variable: options C:\xampp\htdocs\indicadores\application\libraries\PHPExcel\Classes\PHPExcel\Settings.php 384
ERROR - 2016-10-02 23:54:04 --> Severity: Notice  --> Undefined variable: options C:\xampp\htdocs\indicadores\application\libraries\PHPExcel\Classes\PHPExcel\Settings.php 384
ERROR - 2016-10-02 23:54:04 --> Severity: Notice  --> Undefined variable: options C:\xampp\htdocs\indicadores\application\libraries\PHPExcel\Classes\PHPExcel\Settings.php 384
ERROR - 2016-10-02 23:54:04 --> Severity: Notice  --> Undefined variable: options C:\xampp\htdocs\indicadores\application\libraries\PHPExcel\Classes\PHPExcel\Settings.php 384
ERROR - 2016-10-02 23:54:04 --> Severity: Notice  --> Undefined variable: options C:\xampp\htdocs\indicadores\application\libraries\PHPExcel\Classes\PHPExcel\Settings.php 384
ERROR - 2016-10-02 23:54:04 --> Severity: Notice  --> Undefined variable: options C:\xampp\htdocs\indicadores\application\libraries\PHPExcel\Classes\PHPExcel\Settings.php 384
