ERROR - 2016-09-07 18:11:10 --> Query error: Table '4panel_indicadores.gc_menu_web' doesn't exist
ERROR - 2016-09-07 18:17:11 --> Severity: Notice  --> Undefined property: stdClass::$sed_keywords C:\xampp\htdocs\indicadores\application\models\configuracion\sede_model.php 73
ERROR - 2016-09-07 18:17:11 --> Severity: Notice  --> Undefined property: stdClass::$sed_descripcion C:\xampp\htdocs\indicadores\application\models\configuracion\sede_model.php 74
ERROR - 2016-09-07 18:17:11 --> Severity: Notice  --> Undefined property: stdClass::$sed_logo C:\xampp\htdocs\indicadores\application\models\configuracion\sede_model.php 75
ERROR - 2016-09-07 18:26:30 --> Query error: Table '4panel_indicadores.gc_region' doesn't exist
ERROR - 2016-09-07 18:27:29 --> Severity: Notice  --> Undefined index: objRegion C:\xampp\htdocs\indicadores\application\views\templates_c\70e3c4395e53a300adc00469229d938a9c68b602_0.file.sede_nuevo.tpl.php 122
ERROR - 2016-09-07 18:27:29 --> Severity: Notice  --> Trying to get property of non-object C:\xampp\htdocs\indicadores\application\views\templates_c\70e3c4395e53a300adc00469229d938a9c68b602_0.file.sede_nuevo.tpl.php 122
ERROR - 2016-09-07 18:33:13 --> Severity: Notice  --> Undefined property: stdClass::$sed_reg_id C:\xampp\htdocs\indicadores\application\models\configuracion\sede_model.php 64
ERROR - 2016-09-07 18:33:13 --> Severity: Notice  --> Undefined property: stdClass::$sed_consulta_lv C:\xampp\htdocs\indicadores\application\models\configuracion\sede_model.php 66
ERROR - 2016-09-07 18:33:13 --> Severity: Notice  --> Undefined property: stdClass::$sed_consulta_s C:\xampp\htdocs\indicadores\application\models\configuracion\sede_model.php 67
ERROR - 2016-09-07 18:33:13 --> Severity: Notice  --> Undefined property: stdClass::$sed_farmacia_lv C:\xampp\htdocs\indicadores\application\models\configuracion\sede_model.php 68
ERROR - 2016-09-07 18:33:13 --> Severity: Notice  --> Undefined property: stdClass::$sed_farmacia_s C:\xampp\htdocs\indicadores\application\models\configuracion\sede_model.php 69
ERROR - 2016-09-07 18:33:13 --> Severity: Notice  --> Undefined property: stdClass::$sed_visita C:\xampp\htdocs\indicadores\application\models\configuracion\sede_model.php 70
ERROR - 2016-09-07 18:33:13 --> Severity: Notice  --> Undefined property: stdClass::$sed_direccion C:\xampp\htdocs\indicadores\application\models\configuracion\sede_model.php 71
ERROR - 2016-09-07 18:33:13 --> Severity: Notice  --> Undefined property: stdClass::$sed_correo C:\xampp\htdocs\indicadores\application\models\configuracion\sede_model.php 72
ERROR - 2016-09-07 18:33:13 --> Severity: Notice  --> Undefined property: stdClass::$sed_keywords C:\xampp\htdocs\indicadores\application\models\configuracion\sede_model.php 73
ERROR - 2016-09-07 18:33:13 --> Severity: Notice  --> Undefined property: stdClass::$sed_descripcion C:\xampp\htdocs\indicadores\application\models\configuracion\sede_model.php 74
ERROR - 2016-09-07 18:33:13 --> Severity: Notice  --> Undefined property: stdClass::$sed_logo C:\xampp\htdocs\indicadores\application\models\configuracion\sede_model.php 75
ERROR - 2016-09-07 18:33:13 --> Query error: Table '4panel_indicadores.gc_sede_telefono' doesn't exist
ERROR - 2016-09-07 18:36:20 --> Query error: Unknown column 'sed_reg_id' in 'field list'
