ERROR - 2016-06-28 13:05:12 --> Severity: Notice  --> Undefined index: objDirectorio C:\xampp\htdocs\gestor\application\views\templates_c\e23fc7f0704985ace8c1bfd85e37e3200ab212b7_0.file.fundador_index.tpl.php 69
ERROR - 2016-06-28 13:05:12 --> Severity: Notice  --> Trying to get property of non-object C:\xampp\htdocs\gestor\application\views\templates_c\e23fc7f0704985ace8c1bfd85e37e3200ab212b7_0.file.fundador_index.tpl.php 69
ERROR - 2016-06-28 13:06:29 --> Severity: Notice  --> Undefined index: objDirectorio C:\xampp\htdocs\gestor\application\views\templates_c\e23fc7f0704985ace8c1bfd85e37e3200ab212b7_0.file.fundador_index.tpl.php 69
ERROR - 2016-06-28 13:06:29 --> Severity: Notice  --> Trying to get property of non-object C:\xampp\htdocs\gestor\application\views\templates_c\e23fc7f0704985ace8c1bfd85e37e3200ab212b7_0.file.fundador_index.tpl.php 69
ERROR - 2016-06-28 13:06:39 --> Severity: Notice  --> Undefined index: objDirectorio C:\xampp\htdocs\gestor\application\views\templates_c\e23fc7f0704985ace8c1bfd85e37e3200ab212b7_0.file.fundador_index.tpl.php 69
ERROR - 2016-06-28 13:06:39 --> Severity: Notice  --> Trying to get property of non-object C:\xampp\htdocs\gestor\application\views\templates_c\e23fc7f0704985ace8c1bfd85e37e3200ab212b7_0.file.fundador_index.tpl.php 69
ERROR - 2016-06-28 14:47:51 --> Severity: Notice  --> Undefined index: txt_ser_imagen C:\xampp\htdocs\gestor\application\controllers\seccion\fundador.php 61
ERROR - 2016-06-28 14:49:47 --> Severity: Notice  --> Undefined property: Fundador::$directorio C:\xampp\htdocs\gestor\application\controllers\seccion\fundador.php 127
ERROR - 2016-06-28 14:50:23 --> Severity: Notice  --> Undefined property: Fundador::$directorio C:\xampp\htdocs\gestor\application\controllers\seccion\fundador.php 127
ERROR - 2016-06-28 14:50:25 --> Severity: Notice  --> Undefined property: Fundador::$directorio C:\xampp\htdocs\gestor\application\controllers\seccion\fundador.php 127
ERROR - 2016-06-28 14:50:44 --> Severity: Notice  --> Undefined property: Fundador::$directorio C:\xampp\htdocs\gestor\application\controllers\seccion\fundador.php 145
ERROR - 2016-06-28 15:20:13 --> Severity: Notice  --> Undefined index: txt_ser_imagen C:\xampp\htdocs\gestor\application\controllers\seccion\fundador.php 61
ERROR - 2016-06-28 16:47:38 --> Severity: Notice  --> Undefined property: Ordenes::$ordenes C:\xampp\htdocs\gestor\application\controllers\seccion\ordenes.php 29
ERROR - 2016-06-28 16:48:40 --> Severity: Notice  --> Undefined index: objFundador C:\xampp\htdocs\gestor\application\views\templates_c\c651fa7b62d31a24851af2e057a30171ff234a50_0.file.ordenes_index.tpl.php 68
ERROR - 2016-06-28 16:48:40 --> Severity: Notice  --> Trying to get property of non-object C:\xampp\htdocs\gestor\application\views\templates_c\c651fa7b62d31a24851af2e057a30171ff234a50_0.file.ordenes_index.tpl.php 68
ERROR - 2016-06-28 16:49:27 --> Severity: Notice  --> Undefined index: objFundador C:\xampp\htdocs\gestor\application\views\templates_c\c651fa7b62d31a24851af2e057a30171ff234a50_0.file.ordenes_index.tpl.php 68
ERROR - 2016-06-28 16:49:27 --> Severity: Notice  --> Trying to get property of non-object C:\xampp\htdocs\gestor\application\views\templates_c\c651fa7b62d31a24851af2e057a30171ff234a50_0.file.ordenes_index.tpl.php 68
ERROR - 2016-06-28 17:21:31 --> Severity: Notice  --> Undefined index: stdFundador C:\xampp\htdocs\gestor\application\views\templates_c\32b5be7e4952e453028e07f578faaad30ca58c90_0.file.ordenes_editar.tpl.php 53
ERROR - 2016-06-28 17:21:31 --> Severity: Notice  --> Trying to get property of non-object C:\xampp\htdocs\gestor\application\views\templates_c\32b5be7e4952e453028e07f578faaad30ca58c90_0.file.ordenes_editar.tpl.php 53
ERROR - 2016-06-28 17:21:31 --> Severity: Notice  --> Trying to get property of non-object C:\xampp\htdocs\gestor\application\views\templates_c\32b5be7e4952e453028e07f578faaad30ca58c90_0.file.ordenes_editar.tpl.php 53
ERROR - 2016-06-28 17:21:31 --> Severity: Notice  --> Undefined index: stdFundador C:\xampp\htdocs\gestor\application\views\templates_c\32b5be7e4952e453028e07f578faaad30ca58c90_0.file.ordenes_editar.tpl.php 61
ERROR - 2016-06-28 17:21:31 --> Severity: Notice  --> Trying to get property of non-object C:\xampp\htdocs\gestor\application\views\templates_c\32b5be7e4952e453028e07f578faaad30ca58c90_0.file.ordenes_editar.tpl.php 61
ERROR - 2016-06-28 17:21:31 --> Severity: Notice  --> Trying to get property of non-object C:\xampp\htdocs\gestor\application\views\templates_c\32b5be7e4952e453028e07f578faaad30ca58c90_0.file.ordenes_editar.tpl.php 61
ERROR - 2016-06-28 17:21:31 --> Severity: Notice  --> Undefined index: stdFundador C:\xampp\htdocs\gestor\application\views\templates_c\32b5be7e4952e453028e07f578faaad30ca58c90_0.file.ordenes_editar.tpl.php 68
ERROR - 2016-06-28 17:21:31 --> Severity: Notice  --> Trying to get property of non-object C:\xampp\htdocs\gestor\application\views\templates_c\32b5be7e4952e453028e07f578faaad30ca58c90_0.file.ordenes_editar.tpl.php 68
ERROR - 2016-06-28 17:21:31 --> Severity: Notice  --> Trying to get property of non-object C:\xampp\htdocs\gestor\application\views\templates_c\32b5be7e4952e453028e07f578faaad30ca58c90_0.file.ordenes_editar.tpl.php 68
ERROR - 2016-06-28 17:21:31 --> Severity: Notice  --> Undefined index: stdFundador C:\xampp\htdocs\gestor\application\views\templates_c\32b5be7e4952e453028e07f578faaad30ca58c90_0.file.ordenes_editar.tpl.php 72
ERROR - 2016-06-28 17:21:31 --> Severity: Notice  --> Trying to get property of non-object C:\xampp\htdocs\gestor\application\views\templates_c\32b5be7e4952e453028e07f578faaad30ca58c90_0.file.ordenes_editar.tpl.php 72
ERROR - 2016-06-28 17:21:31 --> Severity: Notice  --> Trying to get property of non-object C:\xampp\htdocs\gestor\application\views\templates_c\32b5be7e4952e453028e07f578faaad30ca58c90_0.file.ordenes_editar.tpl.php 72
ERROR - 2016-06-28 17:21:52 --> Severity: Notice  --> Undefined index: stdFundador C:\xampp\htdocs\gestor\application\views\templates_c\32b5be7e4952e453028e07f578faaad30ca58c90_0.file.ordenes_editar.tpl.php 53
ERROR - 2016-06-28 17:21:52 --> Severity: Notice  --> Trying to get property of non-object C:\xampp\htdocs\gestor\application\views\templates_c\32b5be7e4952e453028e07f578faaad30ca58c90_0.file.ordenes_editar.tpl.php 53
ERROR - 2016-06-28 17:21:52 --> Severity: Notice  --> Trying to get property of non-object C:\xampp\htdocs\gestor\application\views\templates_c\32b5be7e4952e453028e07f578faaad30ca58c90_0.file.ordenes_editar.tpl.php 53
ERROR - 2016-06-28 17:21:52 --> Severity: Notice  --> Undefined index: stdFundador C:\xampp\htdocs\gestor\application\views\templates_c\32b5be7e4952e453028e07f578faaad30ca58c90_0.file.ordenes_editar.tpl.php 61
ERROR - 2016-06-28 17:21:52 --> Severity: Notice  --> Trying to get property of non-object C:\xampp\htdocs\gestor\application\views\templates_c\32b5be7e4952e453028e07f578faaad30ca58c90_0.file.ordenes_editar.tpl.php 61
ERROR - 2016-06-28 17:21:52 --> Severity: Notice  --> Trying to get property of non-object C:\xampp\htdocs\gestor\application\views\templates_c\32b5be7e4952e453028e07f578faaad30ca58c90_0.file.ordenes_editar.tpl.php 61
ERROR - 2016-06-28 17:21:52 --> Severity: Notice  --> Undefined index: stdFundador C:\xampp\htdocs\gestor\application\views\templates_c\32b5be7e4952e453028e07f578faaad30ca58c90_0.file.ordenes_editar.tpl.php 68
ERROR - 2016-06-28 17:21:52 --> Severity: Notice  --> Trying to get property of non-object C:\xampp\htdocs\gestor\application\views\templates_c\32b5be7e4952e453028e07f578faaad30ca58c90_0.file.ordenes_editar.tpl.php 68
ERROR - 2016-06-28 17:21:52 --> Severity: Notice  --> Trying to get property of non-object C:\xampp\htdocs\gestor\application\views\templates_c\32b5be7e4952e453028e07f578faaad30ca58c90_0.file.ordenes_editar.tpl.php 68
ERROR - 2016-06-28 17:21:52 --> Severity: Notice  --> Undefined index: stdFundador C:\xampp\htdocs\gestor\application\views\templates_c\32b5be7e4952e453028e07f578faaad30ca58c90_0.file.ordenes_editar.tpl.php 72
ERROR - 2016-06-28 17:21:52 --> Severity: Notice  --> Trying to get property of non-object C:\xampp\htdocs\gestor\application\views\templates_c\32b5be7e4952e453028e07f578faaad30ca58c90_0.file.ordenes_editar.tpl.php 72
ERROR - 2016-06-28 17:21:52 --> Severity: Notice  --> Trying to get property of non-object C:\xampp\htdocs\gestor\application\views\templates_c\32b5be7e4952e453028e07f578faaad30ca58c90_0.file.ordenes_editar.tpl.php 72
ERROR - 2016-06-28 17:22:24 --> Severity: Notice  --> Undefined index: stdFundador C:\xampp\htdocs\gestor\application\views\templates_c\32b5be7e4952e453028e07f578faaad30ca58c90_0.file.ordenes_editar.tpl.php 62
ERROR - 2016-06-28 17:22:24 --> Severity: Notice  --> Trying to get property of non-object C:\xampp\htdocs\gestor\application\views\templates_c\32b5be7e4952e453028e07f578faaad30ca58c90_0.file.ordenes_editar.tpl.php 62
ERROR - 2016-06-28 17:22:24 --> Severity: Notice  --> Trying to get property of non-object C:\xampp\htdocs\gestor\application\views\templates_c\32b5be7e4952e453028e07f578faaad30ca58c90_0.file.ordenes_editar.tpl.php 62
ERROR - 2016-06-28 17:22:24 --> Severity: Notice  --> Undefined index: stdFundador C:\xampp\htdocs\gestor\application\views\templates_c\32b5be7e4952e453028e07f578faaad30ca58c90_0.file.ordenes_editar.tpl.php 69
ERROR - 2016-06-28 17:22:24 --> Severity: Notice  --> Trying to get property of non-object C:\xampp\htdocs\gestor\application\views\templates_c\32b5be7e4952e453028e07f578faaad30ca58c90_0.file.ordenes_editar.tpl.php 69
ERROR - 2016-06-28 17:22:24 --> Severity: Notice  --> Trying to get property of non-object C:\xampp\htdocs\gestor\application\views\templates_c\32b5be7e4952e453028e07f578faaad30ca58c90_0.file.ordenes_editar.tpl.php 69
ERROR - 2016-06-28 17:22:24 --> Severity: Notice  --> Undefined index: stdFundador C:\xampp\htdocs\gestor\application\views\templates_c\32b5be7e4952e453028e07f578faaad30ca58c90_0.file.ordenes_editar.tpl.php 73
ERROR - 2016-06-28 17:22:24 --> Severity: Notice  --> Trying to get property of non-object C:\xampp\htdocs\gestor\application\views\templates_c\32b5be7e4952e453028e07f578faaad30ca58c90_0.file.ordenes_editar.tpl.php 73
ERROR - 2016-06-28 17:22:24 --> Severity: Notice  --> Trying to get property of non-object C:\xampp\htdocs\gestor\application\views\templates_c\32b5be7e4952e453028e07f578faaad30ca58c90_0.file.ordenes_editar.tpl.php 73
ERROR - 2016-06-28 17:22:40 --> Severity: Notice  --> Undefined index: stdFundador C:\xampp\htdocs\gestor\application\views\templates_c\32b5be7e4952e453028e07f578faaad30ca58c90_0.file.ordenes_editar.tpl.php 62
ERROR - 2016-06-28 17:22:40 --> Severity: Notice  --> Trying to get property of non-object C:\xampp\htdocs\gestor\application\views\templates_c\32b5be7e4952e453028e07f578faaad30ca58c90_0.file.ordenes_editar.tpl.php 62
ERROR - 2016-06-28 17:22:40 --> Severity: Notice  --> Trying to get property of non-object C:\xampp\htdocs\gestor\application\views\templates_c\32b5be7e4952e453028e07f578faaad30ca58c90_0.file.ordenes_editar.tpl.php 62
ERROR - 2016-06-28 17:22:40 --> Severity: Notice  --> Undefined index: stdFundador C:\xampp\htdocs\gestor\application\views\templates_c\32b5be7e4952e453028e07f578faaad30ca58c90_0.file.ordenes_editar.tpl.php 69
ERROR - 2016-06-28 17:22:40 --> Severity: Notice  --> Trying to get property of non-object C:\xampp\htdocs\gestor\application\views\templates_c\32b5be7e4952e453028e07f578faaad30ca58c90_0.file.ordenes_editar.tpl.php 69
ERROR - 2016-06-28 17:22:40 --> Severity: Notice  --> Trying to get property of non-object C:\xampp\htdocs\gestor\application\views\templates_c\32b5be7e4952e453028e07f578faaad30ca58c90_0.file.ordenes_editar.tpl.php 69
ERROR - 2016-06-28 17:22:40 --> Severity: Notice  --> Undefined index: stdFundador C:\xampp\htdocs\gestor\application\views\templates_c\32b5be7e4952e453028e07f578faaad30ca58c90_0.file.ordenes_editar.tpl.php 73
ERROR - 2016-06-28 17:22:40 --> Severity: Notice  --> Trying to get property of non-object C:\xampp\htdocs\gestor\application\views\templates_c\32b5be7e4952e453028e07f578faaad30ca58c90_0.file.ordenes_editar.tpl.php 73
ERROR - 2016-06-28 17:22:40 --> Severity: Notice  --> Trying to get property of non-object C:\xampp\htdocs\gestor\application\views\templates_c\32b5be7e4952e453028e07f578faaad30ca58c90_0.file.ordenes_editar.tpl.php 73
ERROR - 2016-06-28 17:22:50 --> Severity: Notice  --> Undefined index: stdFundador C:\xampp\htdocs\gestor\application\views\templates_c\32b5be7e4952e453028e07f578faaad30ca58c90_0.file.ordenes_editar.tpl.php 62
ERROR - 2016-06-28 17:22:50 --> Severity: Notice  --> Trying to get property of non-object C:\xampp\htdocs\gestor\application\views\templates_c\32b5be7e4952e453028e07f578faaad30ca58c90_0.file.ordenes_editar.tpl.php 62
ERROR - 2016-06-28 17:22:50 --> Severity: Notice  --> Trying to get property of non-object C:\xampp\htdocs\gestor\application\views\templates_c\32b5be7e4952e453028e07f578faaad30ca58c90_0.file.ordenes_editar.tpl.php 62
ERROR - 2016-06-28 17:22:50 --> Severity: Notice  --> Undefined index: stdFundador C:\xampp\htdocs\gestor\application\views\templates_c\32b5be7e4952e453028e07f578faaad30ca58c90_0.file.ordenes_editar.tpl.php 69
ERROR - 2016-06-28 17:22:50 --> Severity: Notice  --> Trying to get property of non-object C:\xampp\htdocs\gestor\application\views\templates_c\32b5be7e4952e453028e07f578faaad30ca58c90_0.file.ordenes_editar.tpl.php 69
ERROR - 2016-06-28 17:22:50 --> Severity: Notice  --> Trying to get property of non-object C:\xampp\htdocs\gestor\application\views\templates_c\32b5be7e4952e453028e07f578faaad30ca58c90_0.file.ordenes_editar.tpl.php 69
ERROR - 2016-06-28 17:22:50 --> Severity: Notice  --> Undefined index: stdFundador C:\xampp\htdocs\gestor\application\views\templates_c\32b5be7e4952e453028e07f578faaad30ca58c90_0.file.ordenes_editar.tpl.php 73
ERROR - 2016-06-28 17:22:50 --> Severity: Notice  --> Trying to get property of non-object C:\xampp\htdocs\gestor\application\views\templates_c\32b5be7e4952e453028e07f578faaad30ca58c90_0.file.ordenes_editar.tpl.php 73
ERROR - 2016-06-28 17:22:50 --> Severity: Notice  --> Trying to get property of non-object C:\xampp\htdocs\gestor\application\views\templates_c\32b5be7e4952e453028e07f578faaad30ca58c90_0.file.ordenes_editar.tpl.php 73
ERROR - 2016-06-28 17:23:15 --> Severity: Notice  --> Undefined index: stdFundador C:\xampp\htdocs\gestor\application\views\templates_c\32b5be7e4952e453028e07f578faaad30ca58c90_0.file.ordenes_editar.tpl.php 69
ERROR - 2016-06-28 17:23:15 --> Severity: Notice  --> Trying to get property of non-object C:\xampp\htdocs\gestor\application\views\templates_c\32b5be7e4952e453028e07f578faaad30ca58c90_0.file.ordenes_editar.tpl.php 69
ERROR - 2016-06-28 17:23:15 --> Severity: Notice  --> Trying to get property of non-object C:\xampp\htdocs\gestor\application\views\templates_c\32b5be7e4952e453028e07f578faaad30ca58c90_0.file.ordenes_editar.tpl.php 69
ERROR - 2016-06-28 17:23:15 --> Severity: Notice  --> Undefined index: stdFundador C:\xampp\htdocs\gestor\application\views\templates_c\32b5be7e4952e453028e07f578faaad30ca58c90_0.file.ordenes_editar.tpl.php 73
ERROR - 2016-06-28 17:23:15 --> Severity: Notice  --> Trying to get property of non-object C:\xampp\htdocs\gestor\application\views\templates_c\32b5be7e4952e453028e07f578faaad30ca58c90_0.file.ordenes_editar.tpl.php 73
ERROR - 2016-06-28 17:23:15 --> Severity: Notice  --> Trying to get property of non-object C:\xampp\htdocs\gestor\application\views\templates_c\32b5be7e4952e453028e07f578faaad30ca58c90_0.file.ordenes_editar.tpl.php 73
ERROR - 2016-06-28 17:23:48 --> Severity: Notice  --> Undefined index: stdFundador C:\xampp\htdocs\gestor\application\views\templates_c\32b5be7e4952e453028e07f578faaad30ca58c90_0.file.ordenes_editar.tpl.php 69
ERROR - 2016-06-28 17:23:48 --> Severity: Notice  --> Trying to get property of non-object C:\xampp\htdocs\gestor\application\views\templates_c\32b5be7e4952e453028e07f578faaad30ca58c90_0.file.ordenes_editar.tpl.php 69
ERROR - 2016-06-28 17:23:48 --> Severity: Notice  --> Trying to get property of non-object C:\xampp\htdocs\gestor\application\views\templates_c\32b5be7e4952e453028e07f578faaad30ca58c90_0.file.ordenes_editar.tpl.php 69
ERROR - 2016-06-28 17:23:48 --> Severity: Notice  --> Undefined index: stdFundador C:\xampp\htdocs\gestor\application\views\templates_c\32b5be7e4952e453028e07f578faaad30ca58c90_0.file.ordenes_editar.tpl.php 73
ERROR - 2016-06-28 17:23:48 --> Severity: Notice  --> Trying to get property of non-object C:\xampp\htdocs\gestor\application\views\templates_c\32b5be7e4952e453028e07f578faaad30ca58c90_0.file.ordenes_editar.tpl.php 73
ERROR - 2016-06-28 17:23:48 --> Severity: Notice  --> Trying to get property of non-object C:\xampp\htdocs\gestor\application\views\templates_c\32b5be7e4952e453028e07f578faaad30ca58c90_0.file.ordenes_editar.tpl.php 73
