ERROR - 2016-06-09 11:14:42 --> Severity: Notice  --> Array to string conversion C:\xampp\htdocs\gestor\application\libraries\UpLoadFile.php 381
ERROR - 2016-06-09 11:16:49 --> Severity: Notice  --> Array to string conversion C:\xampp\htdocs\gestor\application\libraries\UpLoadFile.php 385
ERROR - 2016-06-09 11:34:45 --> Severity: Notice  --> Undefined variable: tiposar C:\xampp\htdocs\gestor\application\controllers\seccion\banner.php 87
ERROR - 2016-06-09 11:34:45 --> Severity: Warning  --> in_array() expects parameter 2 to be array, null given C:\xampp\htdocs\gestor\application\controllers\seccion\banner.php 87
ERROR - 2016-06-09 11:34:45 --> Severity: Notice  --> Undefined variable: tiposar C:\xampp\htdocs\gestor\application\controllers\seccion\banner.php 87
ERROR - 2016-06-09 11:34:45 --> Severity: Warning  --> in_array() expects parameter 2 to be array, null given C:\xampp\htdocs\gestor\application\controllers\seccion\banner.php 87
ERROR - 2016-06-09 11:34:45 --> Query error: Unknown column 'ban_view' in 'field list'
ERROR - 2016-06-09 11:48:19 --> Query error: Unknown column 'ban_view' in 'field list'
ERROR - 2016-06-09 11:51:36 --> Severity: Notice  --> Undefined variable: is_int C:\xampp\htdocs\gestor\application\libraries\myutilities.php 335
ERROR - 2016-06-09 11:51:51 --> Severity: Notice  --> Undefined variable: is_int C:\xampp\htdocs\gestor\application\libraries\myutilities.php 335
ERROR - 2016-06-09 11:58:10 --> Severity: Notice  --> Undefined variable: is_int C:\xampp\htdocs\gestor\application\libraries\myutilities.php 335
ERROR - 2016-06-09 12:00:56 --> Severity: Notice  --> Undefined variable: is_int C:\xampp\htdocs\gestor\application\libraries\myutilities.php 335
ERROR - 2016-06-09 12:03:03 --> Severity: Notice  --> Undefined variable: is_int C:\xampp\htdocs\gestor\application\libraries\myutilities.php 335
ERROR - 2016-06-09 12:06:45 --> Severity: Notice  --> Undefined variable: is_int C:\xampp\htdocs\gestor\application\libraries\myutilities.php 335
ERROR - 2016-06-09 12:09:19 --> Severity: Notice  --> Undefined variable: is_int C:\xampp\htdocs\gestor\application\libraries\myutilities.php 335
ERROR - 2016-06-09 12:14:44 --> Severity: Notice  --> Undefined variable: is_int C:\xampp\htdocs\gestor\application\libraries\myutilities.php 335
ERROR - 2016-06-09 12:15:18 --> Severity: Notice  --> Undefined variable: is_int C:\xampp\htdocs\gestor\application\libraries\myutilities.php 335
ERROR - 2016-06-09 14:21:45 --> Severity: Notice  --> Undefined index: sede C:\xampp\htdocs\gestor\application\views\templates_c\f5a5aa98a90d822013fe4926d273ea0d7a8146d1_0.file.cuenta.tpl.php 57
ERROR - 2016-06-09 14:21:45 --> Severity: Notice  --> Trying to get property of non-object C:\xampp\htdocs\gestor\application\views\templates_c\f5a5aa98a90d822013fe4926d273ea0d7a8146d1_0.file.cuenta.tpl.php 57
ERROR - 2016-06-09 14:22:03 --> Severity: Notice  --> Undefined index: sede C:\xampp\htdocs\gestor\application\views\templates_c\f5a5aa98a90d822013fe4926d273ea0d7a8146d1_0.file.cuenta.tpl.php 57
ERROR - 2016-06-09 14:22:03 --> Severity: Notice  --> Trying to get property of non-object C:\xampp\htdocs\gestor\application\views\templates_c\f5a5aa98a90d822013fe4926d273ea0d7a8146d1_0.file.cuenta.tpl.php 57
ERROR - 2016-06-09 14:22:07 --> Severity: Notice  --> Undefined index: sede C:\xampp\htdocs\gestor\application\views\templates_c\f5a5aa98a90d822013fe4926d273ea0d7a8146d1_0.file.cuenta.tpl.php 57
ERROR - 2016-06-09 14:22:07 --> Severity: Notice  --> Trying to get property of non-object C:\xampp\htdocs\gestor\application\views\templates_c\f5a5aa98a90d822013fe4926d273ea0d7a8146d1_0.file.cuenta.tpl.php 57
ERROR - 2016-06-09 15:34:15 --> Severity: Notice  --> Trying to get property of non-object C:\xampp\htdocs\gestor\application\views\templates_c\70e3c4395e53a300adc00469229d938a9c68b602_0.file.sede_nuevo.tpl.php 49
ERROR - 2016-06-09 15:45:59 --> Severity: Notice  --> Trying to get property of non-object C:\xampp\htdocs\gestor\application\views\templates_c\bf6b26b4f36bc8a4c118e94c65fc02360b86113c_0.file.sede_editar.tpl.php 52
ERROR - 2016-06-09 15:47:50 --> Severity: Notice  --> Trying to get property of non-object C:\xampp\htdocs\gestor\application\views\templates_c\bf6b26b4f36bc8a4c118e94c65fc02360b86113c_0.file.sede_editar.tpl.php 52
ERROR - 2016-06-09 15:48:30 --> Severity: Warning  --> Illegal string offset 'sed_nombre' C:\xampp\htdocs\gestor\application\views\templates_c\bf6b26b4f36bc8a4c118e94c65fc02360b86113c_0.file.sede_editar.tpl.php 52
ERROR - 2016-06-09 15:48:33 --> Severity: Warning  --> Illegal string offset 'sed_nombre' C:\xampp\htdocs\gestor\application\views\templates_c\bf6b26b4f36bc8a4c118e94c65fc02360b86113c_0.file.sede_editar.tpl.php 52
ERROR - 2016-06-09 15:48:43 --> Severity: Notice  --> Trying to get property of non-object C:\xampp\htdocs\gestor\application\views\templates_c\bf6b26b4f36bc8a4c118e94c65fc02360b86113c_0.file.sede_editar.tpl.php 52
