ERROR - 2016-06-08 15:23:19 --> Severity: Notice  --> Undefined property: Banner::$tipo_banner C:\xampp\htdocs\gestor\application\controllers\seccion\banner.php 23
ERROR - 2016-06-08 15:30:20 --> Severity: Notice  --> Undefined property: stdClass::$bie_id C:\xampp\htdocs\gestor\application\views\templates_c\53dba0cb1fc5163257a7b7cd5952dc1d26da18ca_0.file.banner_index.tpl.php 83
ERROR - 2016-06-08 15:30:20 --> Severity: Notice  --> Undefined property: stdClass::$bie_id C:\xampp\htdocs\gestor\application\views\templates_c\53dba0cb1fc5163257a7b7cd5952dc1d26da18ca_0.file.banner_index.tpl.php 83
ERROR - 2016-06-08 15:30:20 --> Severity: Notice  --> Undefined property: stdClass::$bie_id C:\xampp\htdocs\gestor\application\views\templates_c\53dba0cb1fc5163257a7b7cd5952dc1d26da18ca_0.file.banner_index.tpl.php 83
ERROR - 2016-06-08 15:43:59 --> Severity: Notice  --> Undefined index: objBienvenida C:\xampp\htdocs\gestor\application\views\templates_c\304dd85fca476ce5354461421611cee2645ca6ba_0.file.banner_listar.tpl.php 66
ERROR - 2016-06-08 15:43:59 --> Severity: Notice  --> Trying to get property of non-object C:\xampp\htdocs\gestor\application\views\templates_c\304dd85fca476ce5354461421611cee2645ca6ba_0.file.banner_listar.tpl.php 66
ERROR - 2016-06-08 15:44:12 --> Severity: Notice  --> Undefined index: objBienvenida C:\xampp\htdocs\gestor\application\views\templates_c\304dd85fca476ce5354461421611cee2645ca6ba_0.file.banner_listar.tpl.php 66
ERROR - 2016-06-08 15:44:12 --> Severity: Notice  --> Trying to get property of non-object C:\xampp\htdocs\gestor\application\views\templates_c\304dd85fca476ce5354461421611cee2645ca6ba_0.file.banner_listar.tpl.php 66
ERROR - 2016-06-08 16:01:07 --> Severity: Notice  --> Undefined variable: tb C:\xampp\htdocs\gestor\application\controllers\seccion\banner.php 51
ERROR - 2016-06-08 16:01:18 --> Severity: Notice  --> Undefined variable: tb C:\xampp\htdocs\gestor\application\controllers\seccion\banner.php 51
ERROR - 2016-06-08 17:43:38 --> Severity: Notice  --> Undefined property: stdClass::$icon_estado C:\xampp\htdocs\gestor\application\views\templates_c\304dd85fca476ce5354461421611cee2645ca6ba_0.file.banner_listar.tpl.php 99
ERROR - 2016-06-08 17:43:38 --> Severity: Notice  --> Undefined property: stdClass::$icon_estado C:\xampp\htdocs\gestor\application\views\templates_c\304dd85fca476ce5354461421611cee2645ca6ba_0.file.banner_listar.tpl.php 102
ERROR - 2016-06-08 17:43:38 --> Severity: Notice  --> Undefined property: stdClass::$bie_id C:\xampp\htdocs\gestor\application\views\templates_c\304dd85fca476ce5354461421611cee2645ca6ba_0.file.banner_listar.tpl.php 103
ERROR - 2016-06-08 17:44:15 --> Severity: Notice  --> Undefined property: stdClass::$icon_estado C:\xampp\htdocs\gestor\application\views\templates_c\304dd85fca476ce5354461421611cee2645ca6ba_0.file.banner_listar.tpl.php 99
ERROR - 2016-06-08 17:44:15 --> Severity: Notice  --> Undefined property: stdClass::$icon_estado C:\xampp\htdocs\gestor\application\views\templates_c\304dd85fca476ce5354461421611cee2645ca6ba_0.file.banner_listar.tpl.php 102
ERROR - 2016-06-08 17:44:15 --> Severity: Notice  --> Undefined property: stdClass::$bie_id C:\xampp\htdocs\gestor\application\views\templates_c\304dd85fca476ce5354461421611cee2645ca6ba_0.file.banner_listar.tpl.php 103
ERROR - 2016-06-08 17:45:00 --> Severity: Notice  --> Undefined property: stdClass::$icon_estado C:\xampp\htdocs\gestor\application\views\templates_c\304dd85fca476ce5354461421611cee2645ca6ba_0.file.banner_listar.tpl.php 99
ERROR - 2016-06-08 17:45:00 --> Severity: Notice  --> Undefined property: stdClass::$icon_estado C:\xampp\htdocs\gestor\application\views\templates_c\304dd85fca476ce5354461421611cee2645ca6ba_0.file.banner_listar.tpl.php 102
ERROR - 2016-06-08 17:45:00 --> Severity: Notice  --> Undefined property: stdClass::$bie_id C:\xampp\htdocs\gestor\application\views\templates_c\304dd85fca476ce5354461421611cee2645ca6ba_0.file.banner_listar.tpl.php 103
ERROR - 2016-06-08 17:45:00 --> Severity: Notice  --> Undefined property: stdClass::$icon_estado C:\xampp\htdocs\gestor\application\views\templates_c\304dd85fca476ce5354461421611cee2645ca6ba_0.file.banner_listar.tpl.php 99
ERROR - 2016-06-08 17:45:00 --> Severity: Notice  --> Undefined property: stdClass::$icon_estado C:\xampp\htdocs\gestor\application\views\templates_c\304dd85fca476ce5354461421611cee2645ca6ba_0.file.banner_listar.tpl.php 102
ERROR - 2016-06-08 17:45:00 --> Severity: Notice  --> Undefined property: stdClass::$bie_id C:\xampp\htdocs\gestor\application\views\templates_c\304dd85fca476ce5354461421611cee2645ca6ba_0.file.banner_listar.tpl.php 103
ERROR - 2016-06-08 17:46:27 --> Severity: Notice  --> Undefined property: stdClass::$bie_id C:\xampp\htdocs\gestor\application\views\templates_c\304dd85fca476ce5354461421611cee2645ca6ba_0.file.banner_listar.tpl.php 103
ERROR - 2016-06-08 17:46:27 --> Severity: Notice  --> Undefined property: stdClass::$bie_id C:\xampp\htdocs\gestor\application\views\templates_c\304dd85fca476ce5354461421611cee2645ca6ba_0.file.banner_listar.tpl.php 103
ERROR - 2016-06-08 17:48:53 --> Severity: Notice  --> Undefined property: Banner::$bie_id C:\xampp\htdocs\gestor\system\core\Model.php 52
ERROR - 2016-06-08 17:51:52 --> Query error: Column 'ban_estado' cannot be null
ERROR - 2016-06-08 18:11:46 --> Severity: Notice  --> Undefined index: tipo_id C:\xampp\htdocs\gestor\application\views\templates_c\33aedc64bf866db52e3da0e4b6815080c898457b_0.file.banner_editar.tpl.php 39
ERROR - 2016-06-08 18:11:46 --> Severity: Notice  --> Trying to get property of non-object C:\xampp\htdocs\gestor\application\views\templates_c\33aedc64bf866db52e3da0e4b6815080c898457b_0.file.banner_editar.tpl.php 39
ERROR - 2016-06-08 18:11:46 --> Severity: Notice  --> Undefined index: tipo C:\xampp\htdocs\gestor\application\views\templates_c\33aedc64bf866db52e3da0e4b6815080c898457b_0.file.banner_editar.tpl.php 45
ERROR - 2016-06-08 18:11:46 --> Severity: Notice  --> Trying to get property of non-object C:\xampp\htdocs\gestor\application\views\templates_c\33aedc64bf866db52e3da0e4b6815080c898457b_0.file.banner_editar.tpl.php 45
ERROR - 2016-06-08 18:12:39 --> Severity: Notice  --> Undefined index: tipo C:\xampp\htdocs\gestor\application\views\templates_c\33aedc64bf866db52e3da0e4b6815080c898457b_0.file.banner_editar.tpl.php 45
ERROR - 2016-06-08 18:12:39 --> Severity: Notice  --> Trying to get property of non-object C:\xampp\htdocs\gestor\application\views\templates_c\33aedc64bf866db52e3da0e4b6815080c898457b_0.file.banner_editar.tpl.php 45
ERROR - 2016-06-08 18:17:25 --> Severity: Notice  --> Undefined property: Banner::$ban_url C:\xampp\htdocs\gestor\system\core\Model.php 52
ERROR - 2016-06-08 18:18:13 --> Severity: Notice  --> Undefined property: Banner::$ban_url C:\xampp\htdocs\gestor\system\core\Model.php 52
