ERROR - 2016-09-30 11:24:47 --> Severity: Notice  --> Undefined index: series C:\xampp\htdocs\indicadores\application\libraries\highcharts.php 290
ERROR - 2016-09-30 11:24:47 --> Severity: Notice  --> Undefined index: series C:\xampp\htdocs\indicadores\application\libraries\highcharts.php 366
ERROR - 2016-09-30 11:24:47 --> Severity: Notice  --> Undefined index: chart C:\xampp\htdocs\indicadores\application\libraries\highcharts.php 584
ERROR - 2016-09-30 11:24:47 --> Severity: Notice  --> Undefined index: chart C:\xampp\htdocs\indicadores\application\libraries\highcharts.php 591
ERROR - 2016-09-30 11:25:33 --> Severity: Notice  --> Undefined index: series C:\xampp\htdocs\indicadores\application\libraries\highcharts.php 290
ERROR - 2016-09-30 11:25:33 --> Severity: Notice  --> Undefined index: series C:\xampp\htdocs\indicadores\application\libraries\highcharts.php 366
ERROR - 2016-09-30 11:25:33 --> Severity: Notice  --> Undefined index: chart C:\xampp\htdocs\indicadores\application\libraries\highcharts.php 584
ERROR - 2016-09-30 11:25:33 --> Severity: Notice  --> Undefined index: chart C:\xampp\htdocs\indicadores\application\libraries\highcharts.php 591
ERROR - 2016-09-30 11:40:07 --> Severity: Notice  --> Undefined index: series C:\xampp\htdocs\indicadores\application\libraries\highcharts.php 290
ERROR - 2016-09-30 11:40:07 --> Severity: Notice  --> Undefined index: series C:\xampp\htdocs\indicadores\application\libraries\highcharts.php 366
ERROR - 2016-09-30 11:40:07 --> Severity: Notice  --> Undefined index: chart C:\xampp\htdocs\indicadores\application\libraries\highcharts.php 584
ERROR - 2016-09-30 11:40:07 --> Severity: Notice  --> Undefined index: chart C:\xampp\htdocs\indicadores\application\libraries\highcharts.php 591
ERROR - 2016-09-30 11:40:09 --> Severity: Notice  --> Undefined index: series C:\xampp\htdocs\indicadores\application\libraries\highcharts.php 290
ERROR - 2016-09-30 11:40:09 --> Severity: Notice  --> Undefined index: series C:\xampp\htdocs\indicadores\application\libraries\highcharts.php 366
ERROR - 2016-09-30 11:40:09 --> Severity: Notice  --> Undefined index: chart C:\xampp\htdocs\indicadores\application\libraries\highcharts.php 584
ERROR - 2016-09-30 11:40:09 --> Severity: Notice  --> Undefined index: chart C:\xampp\htdocs\indicadores\application\libraries\highcharts.php 591
ERROR - 2016-09-30 11:40:30 --> Severity: Notice  --> Undefined index: series C:\xampp\htdocs\indicadores\application\libraries\highcharts.php 290
ERROR - 2016-09-30 11:40:30 --> Severity: Notice  --> Undefined index: series C:\xampp\htdocs\indicadores\application\libraries\highcharts.php 366
ERROR - 2016-09-30 11:40:30 --> Severity: Notice  --> Undefined index: chart C:\xampp\htdocs\indicadores\application\libraries\highcharts.php 584
ERROR - 2016-09-30 11:40:30 --> Severity: Notice  --> Undefined index: chart C:\xampp\htdocs\indicadores\application\libraries\highcharts.php 591
ERROR - 2016-09-30 11:41:31 --> Severity: Notice  --> Undefined index: series C:\xampp\htdocs\indicadores\application\libraries\highcharts.php 291
ERROR - 2016-09-30 11:41:31 --> Severity: Notice  --> Undefined index: series C:\xampp\htdocs\indicadores\application\libraries\highcharts.php 367
ERROR - 2016-09-30 11:41:31 --> Severity: Notice  --> Undefined index: chart C:\xampp\htdocs\indicadores\application\libraries\highcharts.php 585
ERROR - 2016-09-30 11:41:31 --> Severity: Notice  --> Undefined index: chart C:\xampp\htdocs\indicadores\application\libraries\highcharts.php 592
ERROR - 2016-09-30 11:54:55 --> Severity: Notice  --> Undefined index: series C:\xampp\htdocs\indicadores\application\libraries\highcharts.php 367
ERROR - 2016-09-30 11:54:55 --> Severity: Notice  --> Undefined index: chart C:\xampp\htdocs\indicadores\application\libraries\highcharts.php 585
ERROR - 2016-09-30 11:54:55 --> Severity: Notice  --> Undefined index: chart C:\xampp\htdocs\indicadores\application\libraries\highcharts.php 592
ERROR - 2016-09-30 11:55:42 --> Severity: Notice  --> Undefined index: series C:\xampp\htdocs\indicadores\application\libraries\highcharts.php 366
ERROR - 2016-09-30 11:55:42 --> Severity: Notice  --> Undefined index: chart C:\xampp\htdocs\indicadores\application\libraries\highcharts.php 584
ERROR - 2016-09-30 11:55:42 --> Severity: Notice  --> Undefined index: chart C:\xampp\htdocs\indicadores\application\libraries\highcharts.php 591
ERROR - 2016-09-30 11:56:12 --> Severity: Notice  --> Undefined index: series C:\xampp\htdocs\indicadores\application\libraries\highcharts.php 367
ERROR - 2016-09-30 11:56:12 --> Severity: Notice  --> Undefined index: chart C:\xampp\htdocs\indicadores\application\libraries\highcharts.php 585
ERROR - 2016-09-30 11:56:12 --> Severity: Notice  --> Undefined index: chart C:\xampp\htdocs\indicadores\application\libraries\highcharts.php 592
ERROR - 2016-09-30 15:38:47 --> Severity: Notice  --> Undefined index: sede C:\xampp\htdocs\indicadores\application\libraries\smartyci.php 156
ERROR - 2016-09-30 15:38:47 --> Severity: Notice  --> Undefined index: rol C:\xampp\htdocs\indicadores\application\libraries\smartyci.php 159
ERROR - 2016-09-30 15:38:47 --> Severity: Notice  --> Undefined index: usuario C:\xampp\htdocs\indicadores\application\views\templates_c\f5a5aa98a90d822013fe4926d273ea0d7a8146d1_0.file.cuenta.tpl.php 47
ERROR - 2016-09-30 15:38:47 --> Severity: Notice  --> Undefined index: usuario C:\xampp\htdocs\indicadores\application\views\templates_c\f5a5aa98a90d822013fe4926d273ea0d7a8146d1_0.file.cuenta.tpl.php 51
ERROR - 2016-09-30 15:38:47 --> Severity: Notice  --> Undefined index: correo C:\xampp\htdocs\indicadores\application\views\templates_c\f5a5aa98a90d822013fe4926d273ea0d7a8146d1_0.file.cuenta.tpl.php 52
ERROR - 2016-09-30 15:38:47 --> Severity: Notice  --> Undefined index: usuario C:\xampp\htdocs\indicadores\application\views\templates_c\f5a5aa98a90d822013fe4926d273ea0d7a8146d1_0.file.cuenta.tpl.php 54
ERROR - 2016-09-30 15:38:47 --> Query error: You have an error in your SQL syntax; check the manual that corresponds to your MySQL server version for the right syntax to use near 'and gc_administrador.adm_estado = 1
                        and gc_tipo_admin.t' at line 22
ERROR - 2016-09-30 15:46:00 --> Severity: User Notice  --> Undefined property: Smartyci::$main C:\xampp\htdocs\indicadores\application\third_party\smarty-3.1.27\Smarty.class.php 1702
ERROR - 2016-09-30 15:46:07 --> Severity: User Notice  --> Undefined property: Smartyci::$main C:\xampp\htdocs\indicadores\application\third_party\smarty-3.1.27\Smarty.class.php 1702
