ERROR - 2016-06-22 14:16:49 --> Severity: Notice  --> Undefined property: Menu_model::$ruta C:\xampp\htdocs\gestor\application\controllers\configuracion\menu.php 50
ERROR - 2016-06-22 17:12:54 --> Query error: Unknown column 'con_estado' in 'where clause'
ERROR - 2016-06-22 17:32:10 --> Severity: Notice  --> Undefined property: Convocatoria::$servicio C:\xampp\htdocs\gestor\application\controllers\seccion\convocatoria.php 120
ERROR - 2016-06-22 17:39:50 --> Severity: Notice  --> Undefined property: stdClass::$con_listado C:\xampp\htdocs\gestor\application\models\seccion\convocatoria_model.php 98
ERROR - 2016-06-22 17:40:12 --> Severity: Notice  --> Undefined property: stdClass::$con_listado C:\xampp\htdocs\gestor\application\models\seccion\convocatoria_model.php 98
ERROR - 2016-06-22 17:40:48 --> Severity: Notice  --> Undefined property: stdClass::$con_listado C:\xampp\htdocs\gestor\application\models\seccion\convocatoria_model.php 98
ERROR - 2016-06-22 17:42:52 --> Severity: Notice  --> Undefined index: stdServicio C:\xampp\htdocs\gestor\application\views\templates_c\a3bbd57fb69e818e49129ac6e7fc83bf0636a9c8_0.file.convocatoria_editar.tpl.php 52
ERROR - 2016-06-22 17:42:52 --> Severity: Notice  --> Trying to get property of non-object C:\xampp\htdocs\gestor\application\views\templates_c\a3bbd57fb69e818e49129ac6e7fc83bf0636a9c8_0.file.convocatoria_editar.tpl.php 52
ERROR - 2016-06-22 17:42:52 --> Severity: Notice  --> Trying to get property of non-object C:\xampp\htdocs\gestor\application\views\templates_c\a3bbd57fb69e818e49129ac6e7fc83bf0636a9c8_0.file.convocatoria_editar.tpl.php 52
ERROR - 2016-06-22 17:42:52 --> Severity: Notice  --> Undefined index: stdServicio C:\xampp\htdocs\gestor\application\views\templates_c\a3bbd57fb69e818e49129ac6e7fc83bf0636a9c8_0.file.convocatoria_editar.tpl.php 60
ERROR - 2016-06-22 17:42:52 --> Severity: Notice  --> Trying to get property of non-object C:\xampp\htdocs\gestor\application\views\templates_c\a3bbd57fb69e818e49129ac6e7fc83bf0636a9c8_0.file.convocatoria_editar.tpl.php 60
ERROR - 2016-06-22 17:42:52 --> Severity: Notice  --> Trying to get property of non-object C:\xampp\htdocs\gestor\application\views\templates_c\a3bbd57fb69e818e49129ac6e7fc83bf0636a9c8_0.file.convocatoria_editar.tpl.php 60
ERROR - 2016-06-22 17:42:52 --> Severity: Notice  --> Undefined index: stdServicio C:\xampp\htdocs\gestor\application\views\templates_c\a3bbd57fb69e818e49129ac6e7fc83bf0636a9c8_0.file.convocatoria_editar.tpl.php 68
ERROR - 2016-06-22 17:42:52 --> Severity: Notice  --> Trying to get property of non-object C:\xampp\htdocs\gestor\application\views\templates_c\a3bbd57fb69e818e49129ac6e7fc83bf0636a9c8_0.file.convocatoria_editar.tpl.php 68
ERROR - 2016-06-22 17:42:52 --> Severity: Notice  --> Trying to get property of non-object C:\xampp\htdocs\gestor\application\views\templates_c\a3bbd57fb69e818e49129ac6e7fc83bf0636a9c8_0.file.convocatoria_editar.tpl.php 68
ERROR - 2016-06-22 17:42:52 --> Severity: Notice  --> Undefined index: stdServicio C:\xampp\htdocs\gestor\application\views\templates_c\a3bbd57fb69e818e49129ac6e7fc83bf0636a9c8_0.file.convocatoria_editar.tpl.php 71
ERROR - 2016-06-22 17:42:52 --> Severity: Notice  --> Trying to get property of non-object C:\xampp\htdocs\gestor\application\views\templates_c\a3bbd57fb69e818e49129ac6e7fc83bf0636a9c8_0.file.convocatoria_editar.tpl.php 71
ERROR - 2016-06-22 17:42:52 --> Severity: Notice  --> Trying to get property of non-object C:\xampp\htdocs\gestor\application\views\templates_c\a3bbd57fb69e818e49129ac6e7fc83bf0636a9c8_0.file.convocatoria_editar.tpl.php 71
ERROR - 2016-06-22 17:47:50 --> Severity: Notice  --> Undefined property: Convocatoria::$servicio C:\xampp\htdocs\gestor\application\controllers\seccion\convocatoria.php 124
ERROR - 2016-06-22 17:48:47 --> Severity: Notice  --> Undefined property: Convocatoria::$servicio C:\xampp\htdocs\gestor\application\controllers\seccion\convocatoria.php 147
